#
# A fatal error has been detected by the Java Runtime Environment:
#
#  EXCEPTION_UNCAUGHT_CXX_EXCEPTION (0xe06d7363) at pc=0x00007ffc54facf19, pid=21936, tid=24852
#
# JRE version: Java(TM) SE Runtime Environment (17.0.4.1+1) (build 17.0.4.1+1-LTS-2)
# Java VM: Java HotSpot(TM) 64-Bit Server VM (17.0.4.1+1-LTS-2, mixed mode, sharing, tiered, compressed oops, compressed class ptrs, g1 gc, windows-amd64)
# Problematic frame:
# C  [KERNELBASE.dll+0x2cf19]
#
# No core dump will be written. Minidumps are not enabled by default on client versions of Windows
#
# If you would like to submit a bug report, please visit:
#   https://bugreport.java.com/bugreport/crash.jsp
# The crash happened outside the Java Virtual Machine in native code.
# See problematic frame for where to report the bug.
#

---------------  S U M M A R Y ------------

Command Line: -Dfile.encoding=UTF8 -ea -Xmx1024m 

Host: AMD Ryzen 5 3600 6-Core Processor              , 12 cores, 31G,  Windows 10 , 64 bit Build 19041 (10.0.19041.3570)
Time: Mon Nov  6 12:14:35 2023 대한민국 표준시 elapsed time: 69.729523 seconds (0d 0h 1m 9s)

---------------  T H R E A D  ---------------

Current thread (0x000002a31010a480):  JavaThread "main" [_thread_in_native, id=24852, stack(0x000000d2aa800000,0x000000d2aa9f0000)]

Stack: [0x000000d2aa800000,0x000000d2aa9f0000],  sp=0x000000d2aa9e7890,  free space=1950k
Native frames: (J=compiled Java code, j=interpreted, Vv=VM code, C=native code)
C  [KERNELBASE.dll+0x2cf19]
C  [VCRUNTIME140.dll+0x6220]
C  0x00007ffbcf51bdaf
C  0x00007ffbcf50afcb
C  0x000002a31887d621

Java frames: (J=compiled Java code, j=interpreted, Vv=VM code)
j  org.jpype.manager.TypeFactoryNative.newWrapper(JJ)V+0
j  org.jpype.JPypeContext.newWrapper(J)V+16
v  ~StubRoutines::call_stub
j  org.jpype.manager.TypeFactoryNative.newWrapper(JJ)V+0
j  org.jpype.JPypeContext.newWrapper(J)V+16
v  ~StubRoutines::call_stub
j  org.jpype.manager.TypeFactoryNative.newWrapper(JJ)V+0
j  org.jpype.JPypeContext.newWrapper(J)V+16
v  ~StubRoutines::call_stub
j  org.jpype.manager.TypeFactoryNative.newWrapper(JJ)V+0
j  org.jpype.JPypeContext.newWrapper(J)V+16
v  ~StubRoutines::call_stub

siginfo: EXCEPTION_UNCAUGHT_CXX_EXCEPTION (0xe06d7363), ExceptionInformation=0x0000000019930520 0x000000d2aa9e7a70 0x00007ffbcf546db8 0x00007ffbcf4e0000 


Register to memory mapping:

RIP=0x00007ffc54facf19 KERNELBASE.dll
RAX=0x0 is NULL
RBX=0x00007ffbcf546db8 points into unknown readable memory: 0x000185a000000000 | 00 00 00 00 a0 85 01 00
RCX=0x00000000c004a730 is an oop: java.lang.Class 
{0x00000000c004a730} - klass: 'java/lang/Class'
 - ---- fields (total size 15 words):
 - private volatile transient 'classRedefinedCount' 'I' @12  0
 - private volatile transient 'cachedConstructor' 'Ljava/lang/reflect/Constructor;' @40  NULL (0)
 - private transient 'name' 'Ljava/lang/String;' @44  "org.jpype.manager.TypeManager"{0x00000000c004a7a8} (c004a7a8)
 - private transient 'module' 'Ljava/lang/Module;' @48  a 'java/lang/Module'{0x00000000c0041318} (c0041318)
 - private final 'classLoader' 'Ljava/lang/ClassLoader;' @52  a 'java/net/URLClassLoader'{0x00000000c0041190} (c0041190)
 - private transient 'classData' 'Ljava/lang/Object;' @56  NULL (0)
 - private transient 'packageName' 'Ljava/lang/String;' @60  "org.jpype.manager"{0x00000000c004a608} (c004a608)
 - private final 'componentType' 'Ljava/lang/Class;' @64  NULL (0)
 - private volatile transient 'reflectionData' 'Ljava/lang/ref/SoftReference;' @68  NULL (0)
 - private volatile transient 'genericInfo' 'Lsun/reflect/generics/repository/ClassRepository;' @72  NULL (0)
 - private volatile transient 'enumConstants' '[Ljava/lang/Object;' @76  NULL (0)
 - private volatile transient 'enumConstantDirectory' 'Ljava/util/Map;' @80  NULL (0)
 - private volatile transient 'annotationData' 'Ljava/lang/Class$AnnotationData;' @84  NULL (0)
 - private volatile transient 'annotationType' 'Lsun/reflect/annotation/AnnotationType;' @88  NULL (0)
 - transient 'classValueMap' 'Ljava/lang/ClassValue$ClassValueMap;' @92  NULL (0)
 - signature: Lorg/jpype/manager/TypeManager;
 - fake entry for mirror: 'org/jpype/manager/TypeManager'
 - fake entry for array: NULL
 - fake entry for oop_size: 15
 - fake entry for static_oop_field_count: 0
 - static 'hasCallerSensitive' 'Z' @112  true
RDX={method} {0x000002a32c0067a0} 'createMembers' '(Lorg/jpype/manager/ClassDescriptor;)V' in 'org/jpype/manager/TypeManager'
RSP=0x000000d2aa9e7890 is pointing into the stack for thread: 0x000002a31010a480
RBP=0x000000d2aa9e7ad0 is pointing into the stack for thread: 0x000002a31010a480
RSI=0x000000d2aa9e7a70 is pointing into the stack for thread: 0x000002a31010a480
RDI=0x0000000019930520 is an unknown value
R8 =0x00000000c0721aa8 is an oop: org.jpype.manager.TypeManager 
{0x00000000c0721aa8} - klass: 'org/jpype/manager/TypeManager'
 - ---- fields (total size 6 words):
 - public 'isStarted' 'Z' @12  true
 - public 'isShutdown' 'Z' @13  false
 - public 'context' 'J' @16  2901231097424 (7ed95650 2a3)
 - public 'classMap' 'Ljava/util/HashMap;' @24  a 'java/util/HashMap'{0x00000000c04c7910} (c04c7910)
 - public 'typeFactory' 'Lorg/jpype/manager/TypeFactory;' @28  a 'org/jpype/manager/TypeFactoryNative'{0x00000000c04c58c8} (c04c58c8)
 - public 'audit' 'Lorg/jpype/manager/TypeAudit;' @32  NULL (0)
 - private 'java_lang_Object' 'Lorg/jpype/manager/ClassDescriptor;' @36  a 'org/jpype/manager/ClassDescriptor'{0x00000000c04c3188} (c04c3188)
 - public 'functionalAnnotation' 'Ljava/lang/Class;' @40  a 'java/lang/Class'{0x00000000c0752d08} = 'java/lang/FunctionalInterface' (c0752d08)
 - private 'destroyer' 'Lorg/jpype/manager/TypeManager$Destroyer;' @44  a 'org/jpype/manager/TypeManager$Destroyer'{0x00000000c04c58e0} (c04c58e0)
R9 =0x0000000000000001 is an unknown value
R10=0x0 is NULL
R11=0x000000d2aa9e71a0 is pointing into the stack for thread: 0x000002a31010a480
R12=0x000002a300af8a80 points into unknown readable memory: 0x0000000000000003 | 03 00 00 00 00 00 00 00
R13=0x000000d2aa9e7bc0 is pointing into the stack for thread: 0x000002a31010a480
R14=0x000002a32c622460 points into unknown readable memory: 0x00007ffbcf532d60 | 60 2d 53 cf fb 7f 00 00
R15=0x0 is NULL


Registers:
RAX=0x0000000000000000, RBX=0x00007ffbcf546db8, RCX=0x00000000c004a730, RDX=0x000002a32c006798
RSP=0x000000d2aa9e7890, RBP=0x000000d2aa9e7ad0, RSI=0x000000d2aa9e7a70, RDI=0x0000000019930520
R8 =0x00000000c0721aa8, R9 =0x0000000000000001, R10=0x0000000000000000, R11=0x000000d2aa9e71a0
R12=0x000002a300af8a80, R13=0x000000d2aa9e7bc0, R14=0x000002a32c622460, R15=0x0000000000000000
RIP=0x00007ffc54facf19, EFLAGS=0x0000000000000202

Top of Stack: (sp=0x000000d2aa9e7890)
0x000000d2aa9e7890:   000002a30de21570 00007ffbcf546db8
0x000000d2aa9e78a0:   000000d2aa9e7a70 000000d2aa9e7a08
0x000000d2aa9e78b0:   00000001e06d7363 0000000000000000
0x000000d2aa9e78c0:   00007ffc54facf19 0000000000000004
0x000000d2aa9e78d0:   0000000019930520 000000d2aa9e7a70
0x000000d2aa9e78e0:   00007ffbcf546db8 00007ffbcf4e0000
0x000000d2aa9e78f0:   000000d2aa9e7bc0 000002a300af8a80
0x000000d2aa9e7900:   000000d2aa9e7a70 000000d2aa9e7ad0
0x000000d2aa9e7910:   000000d2aa9e7990 00007ffc57864a5f
0x000000d2aa9e7920:   0000000019930520 000000d200000000
0x000000d2aa9e7930:   0000000000000000 00007ffbcf4fbc3a
0x000000d2aa9e7940:   00007ffbcf54e000 00007ffbcf4e0000
0x000000d2aa9e7950:   0000977e5d5f3023 000002a300794710
0x000000d2aa9e7960:   00007ffbcf546db8 00007ffc4a036220
0x000000d2aa9e7970:   000002a32c624ec8 000002a300ea0640
0x000000d2aa9e7980:   000000d2aa9e7a70 00007ffbcf4f8290 

Instructions: (pc=0x00007ffc54facf19)
0x00007ffc54face19:   09 00 48 8b 84 24 b8 00 00 00 48 8b 8c 24 b0 05
0x00007ffc54face29:   00 00 48 33 cc e8 2d 87 06 00 48 81 c4 c0 05 00
0x00007ffc54face39:   00 41 5f 41 5e 41 5d 5e 5b c3 cc 48 ff 15 cd 7f
0x00007ffc54face49:   1b 00 0f 1f 44 00 00 eb b0 cc cc cc cc cc cc cc
0x00007ffc54face59:   cc cc cc cc cc cc cc 40 53 48 83 ec 30 48 8b d1
0x00007ffc54face69:   48 8d 4c 24 20 e8 5d 23 00 00 85 c0 74 26 48 8b
0x00007ffc54face79:   4c 24 28 e8 ef 38 00 00 48 8d 4c 24 20 8b d8 48
0x00007ffc54face89:   ff 15 d1 79 1b 00 0f 1f 44 00 00 8b c3 48 83 c4
0x00007ffc54face99:   30 5b c3 cc 83 c8 ff eb f4 cc cc cc cc cc cc cc
0x00007ffc54facea9:   cc cc cc cc cc cc cc 48 81 ec d8 00 00 00 48 8b
0x00007ffc54faceb9:   05 e2 9f 28 00 48 33 c4 48 89 84 24 c0 00 00 00
0x00007ffc54facec9:   48 83 64 24 28 00 48 8d 05 da ff ff ff 83 e2 01
0x00007ffc54faced9:   89 4c 24 20 89 54 24 24 48 89 44 24 30 4d 85 c9
0x00007ffc54facee9:   74 4c b8 0f 00 00 00 48 8d 4c 24 40 44 3b c0 49
0x00007ffc54facef9:   8b d1 44 0f 47 c0 44 89 44 24 38 49 c1 e0 03 e8
0x00007ffc54facf09:   6a 95 08 00 48 8d 4c 24 20 48 ff 15 1f 81 1b 00
0x00007ffc54facf19:   0f 1f 44 00 00 48 8b 8c 24 c0 00 00 00 48 33 cc
0x00007ffc54facf29:   e8 32 86 06 00 48 81 c4 d8 00 00 00 c3 cc 83 64
0x00007ffc54facf39:   24 38 00 eb cf cc cc cc cc cc cc cc cc cc cc cc
0x00007ffc54facf49:   cc cc cc cc cc cc cc 65 48 8b 04 25 30 00 00 00
0x00007ffc54facf59:   8b 40 68 c3 cc cc cc cc cc cc cc cc cc cc cc cc
0x00007ffc54facf69:   cc cc cc cc cc cc cc 48 89 5c 24 10 48 89 74 24
0x00007ffc54facf79:   18 57 41 54 41 55 41 56 41 57 48 81 ec b0 02 00
0x00007ffc54facf89:   00 48 8b 05 0f 9f 28 00 48 33 c4 48 89 84 24 a0
0x00007ffc54facf99:   02 00 00 48 8d 15 2f e6 1b 00 48 85 c9 48 0f 45
0x00007ffc54facfa9:   d1 48 89 94 24 80 00 00 00 48 83 c8 ff 48 ff c0
0x00007ffc54facfb9:   80 3c 02 00 75 f7 48 ff c0 48 89 84 24 88 00 00
0x00007ffc54facfc9:   00 48 89 94 24 90 00 00 00 4c 8d 8c 24 88 00 00
0x00007ffc54facfd9:   00 33 d2 b9 06 00 01 40 44 8d 42 02 e8 c6 fe ff
0x00007ffc54facfe9:   ff e9 f0 01 00 00 33 f6 48 89 74 24 60 45 33 ff
0x00007ffc54facff9:   4c 89 7c 24 48 45 33 f6 4c 89 74 24 58 33 ff 48
0x00007ffc54fad009:   89 7c 24 50 e8 3e ff ff ff 89 44 24 40 48 39 35 


Stack slot to memory mapping:
stack at sp + 0 slots: 0x000002a30de21570 points into unknown readable memory: 0x0000000000000001 | 01 00 00 00 00 00 00 00
stack at sp + 1 slots: 0x00007ffbcf546db8 points into unknown readable memory: 0x000185a000000000 | 00 00 00 00 a0 85 01 00
stack at sp + 2 slots: 0x000000d2aa9e7a70 is pointing into the stack for thread: 0x000002a31010a480
stack at sp + 3 slots: 0x000000d2aa9e7a08 is pointing into the stack for thread: 0x000002a31010a480
stack at sp + 4 slots: 0x00000001e06d7363 is an unknown value
stack at sp + 5 slots: 0x0 is NULL
stack at sp + 6 slots: 0x00007ffc54facf19 KERNELBASE.dll
stack at sp + 7 slots: 0x0000000000000004 is an unknown value


---------------  P R O C E S S  ---------------

Threads class SMR info:
_java_thread_list=0x000002a332d95d20, length=14, elements={
0x000002a31010a480, 0x000002a3101087a0, 0x000002a3101104c0, 0x000002a310110990,
0x000002a310110e60, 0x000002a310111330, 0x000002a310111800, 0x000002a37eb64e10,
0x000002a37eb66250, 0x000002a37eb66760, 0x000002a310111cd0, 0x000002a3101121a0,
0x000002a31010ae20, 0x000002a37eb65320
}

Java Threads: ( => current thread )
=>0x000002a31010a480 JavaThread "main" [_thread_in_native, id=24852, stack(0x000000d2aa800000,0x000000d2aa9f0000)]
  0x000002a3101087a0 JavaThread "Reference Handler" daemon [_thread_blocked, id=27524, stack(0x000000d2b1b10000,0x000000d2b1d00000)]
  0x000002a3101104c0 JavaThread "Finalizer" daemon [_thread_blocked, id=31492, stack(0x000000d2b1d00000,0x000000d2b1ef0000)]
  0x000002a310110990 JavaThread "Signal Dispatcher" daemon [_thread_blocked, id=24168, stack(0x000000d2b20e0000,0x000000d2b22d0000)]
  0x000002a310110e60 JavaThread "Attach Listener" daemon [_thread_blocked, id=30028, stack(0x000000d2b22d0000,0x000000d2b24c0000)]
  0x000002a310111330 JavaThread "Service Thread" daemon [_thread_blocked, id=11500, stack(0x000000d2b24c0000,0x000000d2b26b0000)]
  0x000002a310111800 JavaThread "Monitor Deflation Thread" daemon [_thread_blocked, id=13868, stack(0x000000d2b26b0000,0x000000d2b28a0000)]
  0x000002a37eb64e10 JavaThread "C2 CompilerThread0" daemon [_thread_blocked, id=27408, stack(0x000000d2b28a0000,0x000000d2b2a90000)]
  0x000002a37eb66250 JavaThread "C1 CompilerThread0" daemon [_thread_blocked, id=19904, stack(0x000000d2b2a90000,0x000000d2b2c80000)]
  0x000002a37eb66760 JavaThread "Sweeper thread" daemon [_thread_blocked, id=30304, stack(0x000000d2b2c80000,0x000000d2b2e70000)]
  0x000002a310111cd0 JavaThread "Notification Thread" daemon [_thread_blocked, id=29444, stack(0x000000d2b2e70000,0x000000d2b3060000)]
  0x000002a3101121a0 JavaThread "Common-Cleaner" daemon [_thread_blocked, id=11116, stack(0x000000d2b3250000,0x000000d2b3440000)]
  0x000002a31010ae20 JavaThread "Python Reference Queue" daemon [_thread_blocked, id=21544, stack(0x000000d2b3440000,0x000000d2b3630000)]
  0x000002a37eb65320 JavaThread "C2 CompilerThread1" daemon [_thread_blocked, id=9232, stack(0x000000d2aa9f0000,0x000000d2aabe0000)]

Other Threads:
  0x000002a31017bc30 VMThread "VM Thread" [stack: 0x000000d2b1920000,0x000000d2b1b10000] [id=28944]
  0x000002a302fa9de0 WatcherThread [stack: 0x000000d2b3060000,0x000000d2b3250000] [id=26212]
  0x000002a302c37430 GCTaskThread "GC Thread#0" [stack: 0x000000d2aadd0000,0x000000d2aafc0000] [id=24112]
  0x000002a302c37c40 GCTaskThread "GC Thread#1" [stack: 0x000000d2b3630000,0x000000d2b3820000] [id=11944]
  0x000002a302c37ef0 GCTaskThread "GC Thread#2" [stack: 0x000000d2b3820000,0x000000d2b3a10000] [id=22888]
  0x000002a302c381a0 GCTaskThread "GC Thread#3" [stack: 0x000000d2b3a10000,0x000000d2b3c00000] [id=6216]
  0x000002a302c38450 GCTaskThread "GC Thread#4" [stack: 0x000000d2b3c00000,0x000000d2b3df0000] [id=15468]
  0x000002a302c38700 GCTaskThread "GC Thread#5" [stack: 0x000000d2b3df0000,0x000000d2b3fe0000] [id=28152]
  0x000002a302c391c0 GCTaskThread "GC Thread#6" [stack: 0x000000d2b1ef0000,0x000000d2b20e0000] [id=28008]
  0x000002a302c39470 GCTaskThread "GC Thread#7" [stack: 0x000000d2b41d0000,0x000000d2b43c0000] [id=7052]
  0x000002a302c3a490 GCTaskThread "GC Thread#8" [stack: 0x000000d2b4b80000,0x000000d2b4d70000] [id=30276]
  0x000002a3025bfd50 ConcurrentGCThread "G1 Main Marker" [stack: 0x000000d2ab7c0000,0x000000d2ab9b0000] [id=18608]
  0x000002a302c2fb40 ConcurrentGCThread "G1 Conc#0" [stack: 0x000000d2b0960000,0x000000d2b0b50000] [id=16596]
  0x000002a302c39720 ConcurrentGCThread "G1 Conc#1" [stack: 0x000000d2b43c0000,0x000000d2b45b0000] [id=25624]
  0x000002a302c399d0 ConcurrentGCThread "G1 Conc#2" [stack: 0x000000d2b45b0000,0x000000d2b47a0000] [id=31596]
  0x000002a310347f70 ConcurrentGCThread "G1 Refine#0" [stack: 0x000000d2b0b50000,0x000000d2b0d40000] [id=9792]
  0x000002a31034d5b0 ConcurrentGCThread "G1 Refine#1" [stack: 0x000000d2b47a0000,0x000000d2b4990000] [id=32528]
  0x000002a310346e30 ConcurrentGCThread "G1 Refine#2" [stack: 0x000000d2b4990000,0x000000d2b4b80000] [id=21896]
  0x000002a302d47f50 ConcurrentGCThread "G1 Service" [stack: 0x000000d2b1730000,0x000000d2b1920000] [id=29280]

Threads with active compile tasks:

VM state: not at safepoint (normal execution)

VM Mutex/Monitor currently owned by a thread: None

Heap address: 0x00000000c0000000, size: 1024 MB, Compressed Oops mode: 32-bit

CDS archive(s) mapped at: [0x0000000800000000-0x0000000800bc0000-0x0000000800bc0000), size 12320768, SharedBaseAddress: 0x0000000800000000, ArchiveRelocationMode: 0.
Compressed class space mapped at: 0x0000000800c00000-0x0000000840c00000, reserved size: 1073741824
Narrow klass base: 0x0000000800000000, Narrow klass shift: 0, Narrow klass range: 0x100000000

GC Precious Log:
 CPUs: 12 total, 12 available
 Memory: 32718M
 Large Page Support: Disabled
 NUMA Support: Disabled
 Compressed Oops: Enabled (32-bit)
 Heap Region Size: 1M
 Heap Min Capacity: 8M
 Heap Initial Capacity: 512M
 Heap Max Capacity: 1G
 Pre-touch: Disabled
 Parallel Workers: 10
 Concurrent Workers: 3
 Concurrent Refinement Workers: 10
 Periodic GC: Disabled

Heap:
 garbage-first heap   total 276480K, used 135321K [0x00000000c0000000, 0x0000000100000000)
  region size 1024K, 56 young (57344K), 0 survivors (0K)
 Metaspace       used 9844K, committed 10112K, reserved 1064960K
  class space    used 1476K, committed 1600K, reserved 1048576K

Heap Regions: E=young(eden), S=young(survivor), O=old, HS=humongous(starts), HC=humongous(continues), CS=collection set, F=free, OA=open archive, CA=closed archive, TAMS=top-at-mark-start (previous, next)
|   0|0x00000000c0000000, 0x00000000c00ffff8, 0x00000000c0100000| 99%| O|  |TAMS 0x00000000c00ffff8, 0x00000000c0000000| Untracked 
|   1|0x00000000c0100000, 0x00000000c01ffff8, 0x00000000c0200000| 99%| O|  |TAMS 0x00000000c01ffff8, 0x00000000c0100000| Untracked 
|   2|0x00000000c0200000, 0x00000000c02fe990, 0x00000000c0300000| 99%| O|  |TAMS 0x00000000c02fe990, 0x00000000c0200000| Untracked 
|   3|0x00000000c0300000, 0x00000000c03fffd0, 0x00000000c0400000| 99%| O|  |TAMS 0x00000000c03fffd0, 0x00000000c0300000| Untracked 
|   4|0x00000000c0400000, 0x00000000c04fa9a0, 0x00000000c0500000| 97%| O|  |TAMS 0x00000000c04fa9a0, 0x00000000c0400000| Untracked 
|   5|0x00000000c0500000, 0x00000000c05ffff8, 0x00000000c0600000| 99%| O|  |TAMS 0x00000000c05ffff8, 0x00000000c0500000| Untracked 
|   6|0x00000000c0600000, 0x00000000c0700000, 0x00000000c0700000|100%| O|  |TAMS 0x00000000c0700000, 0x00000000c0600000| Untracked 
|   7|0x00000000c0700000, 0x00000000c07ffff0, 0x00000000c0800000| 99%| O|  |TAMS 0x00000000c07ffff0, 0x00000000c0700000| Untracked 
|   8|0x00000000c0800000, 0x00000000c0900000, 0x00000000c0900000|100%| O|  |TAMS 0x00000000c0900000, 0x00000000c0800000| Untracked 
|   9|0x00000000c0900000, 0x00000000c09ffff0, 0x00000000c0a00000| 99%| O|  |TAMS 0x00000000c09ffff0, 0x00000000c0900000| Untracked 
|  10|0x00000000c0a00000, 0x00000000c0b00000, 0x00000000c0b00000|100%| O|  |TAMS 0x00000000c0b00000, 0x00000000c0a00000| Untracked 
|  11|0x00000000c0b00000, 0x00000000c0c00000, 0x00000000c0c00000|100%| O|  |TAMS 0x00000000c0c00000, 0x00000000c0b00000| Untracked 
|  12|0x00000000c0c00000, 0x00000000c0d00000, 0x00000000c0d00000|100%| O|  |TAMS 0x00000000c0d00000, 0x00000000c0c00000| Untracked 
|  13|0x00000000c0d00000, 0x00000000c0e00000, 0x00000000c0e00000|100%| O|  |TAMS 0x00000000c0d00000, 0x00000000c0d00000| Untracked 
|  14|0x00000000c0e00000, 0x00000000c0f00000, 0x00000000c0f00000|100%|HS|  |TAMS 0x00000000c0f00000, 0x00000000c0e00000| Untracked 
|  15|0x00000000c0f00000, 0x00000000c1000000, 0x00000000c1000000|100%|HC|  |TAMS 0x00000000c1000000, 0x00000000c0f00000| Untracked 
|  16|0x00000000c1000000, 0x00000000c1100000, 0x00000000c1100000|100%|HS|  |TAMS 0x00000000c1100000, 0x00000000c1000000| Untracked 
|  17|0x00000000c1100000, 0x00000000c1200000, 0x00000000c1200000|100%|HC|  |TAMS 0x00000000c1200000, 0x00000000c1100000| Untracked 
|  18|0x00000000c1200000, 0x00000000c1300000, 0x00000000c1300000|100%| O|  |TAMS 0x00000000c1300000, 0x00000000c1200000| Untracked 
|  19|0x00000000c1300000, 0x00000000c1400000, 0x00000000c1400000|100%| O|  |TAMS 0x00000000c1300000, 0x00000000c1300000| Untracked 
|  20|0x00000000c1400000, 0x00000000c1500000, 0x00000000c1500000|100%| O|  |TAMS 0x00000000c1500000, 0x00000000c1400000| Untracked 
|  21|0x00000000c1500000, 0x00000000c1600000, 0x00000000c1600000|100%| O|  |TAMS 0x00000000c1600000, 0x00000000c1500000| Untracked 
|  22|0x00000000c1600000, 0x00000000c16ffff8, 0x00000000c1700000| 99%| O|  |TAMS 0x00000000c1600000, 0x00000000c1600000| Untracked 
|  23|0x00000000c1700000, 0x00000000c1800000, 0x00000000c1800000|100%|HS|  |TAMS 0x00000000c1800000, 0x00000000c1700000| Untracked 
|  24|0x00000000c1800000, 0x00000000c1900000, 0x00000000c1900000|100%|HS|  |TAMS 0x00000000c1900000, 0x00000000c1800000| Untracked 
|  25|0x00000000c1900000, 0x00000000c1a00000, 0x00000000c1a00000|100%| O|  |TAMS 0x00000000c1a00000, 0x00000000c1900000| Untracked 
|  26|0x00000000c1a00000, 0x00000000c1b00000, 0x00000000c1b00000|100%| O|  |TAMS 0x00000000c1b00000, 0x00000000c1a00000| Untracked 
|  27|0x00000000c1b00000, 0x00000000c1c00000, 0x00000000c1c00000|100%| O|  |TAMS 0x00000000c1c00000, 0x00000000c1b00000| Untracked 
|  28|0x00000000c1c00000, 0x00000000c1d00000, 0x00000000c1d00000|100%|HS|  |TAMS 0x00000000c1d00000, 0x00000000c1c00000| Untracked 
|  29|0x00000000c1d00000, 0x00000000c1e00000, 0x00000000c1e00000|100%|HC|  |TAMS 0x00000000c1e00000, 0x00000000c1d00000| Untracked 
|  30|0x00000000c1e00000, 0x00000000c1f00000, 0x00000000c1f00000|100%|HS|  |TAMS 0x00000000c1f00000, 0x00000000c1e00000| Untracked 
|  31|0x00000000c1f00000, 0x00000000c2000000, 0x00000000c2000000|100%|HC|  |TAMS 0x00000000c2000000, 0x00000000c1f00000| Untracked 
|  32|0x00000000c2000000, 0x00000000c20ffff0, 0x00000000c2100000| 99%| O|  |TAMS 0x00000000c20ffff0, 0x00000000c2000000| Untracked 
|  33|0x00000000c2100000, 0x00000000c21ffff0, 0x00000000c2200000| 99%| O|  |TAMS 0x00000000c2100000, 0x00000000c2100000| Untracked 
|  34|0x00000000c2200000, 0x00000000c2300000, 0x00000000c2300000|100%|HS|  |TAMS 0x00000000c2300000, 0x00000000c2200000| Untracked 
|  35|0x00000000c2300000, 0x00000000c2400000, 0x00000000c2400000|100%|HC|  |TAMS 0x00000000c2400000, 0x00000000c2300000| Untracked 
|  36|0x00000000c2400000, 0x00000000c2500000, 0x00000000c2500000|100%|HS|  |TAMS 0x00000000c2500000, 0x00000000c2400000| Untracked 
|  37|0x00000000c2500000, 0x00000000c2600000, 0x00000000c2600000|100%|HC|  |TAMS 0x00000000c2600000, 0x00000000c2500000| Untracked 
|  38|0x00000000c2600000, 0x00000000c26ffff8, 0x00000000c2700000| 99%| O|  |TAMS 0x00000000c2600000, 0x00000000c2600000| Untracked 
|  39|0x00000000c2700000, 0x00000000c27ffff0, 0x00000000c2800000| 99%| O|  |TAMS 0x00000000c2700000, 0x00000000c2700000| Untracked 
|  40|0x00000000c2800000, 0x00000000c2900000, 0x00000000c2900000|100%| O|  |TAMS 0x00000000c2900000, 0x00000000c2800000| Untracked 
|  41|0x00000000c2900000, 0x00000000c2a00000, 0x00000000c2a00000|100%| O|  |TAMS 0x00000000c2a00000, 0x00000000c2900000| Untracked 
|  42|0x00000000c2a00000, 0x00000000c2afc3a0, 0x00000000c2b00000| 98%| O|  |TAMS 0x00000000c2afc3a0, 0x00000000c2a00000| Untracked 
|  43|0x00000000c2b00000, 0x00000000c2bfffe8, 0x00000000c2c00000| 99%| O|  |TAMS 0x00000000c2bfffe8, 0x00000000c2b00000| Untracked 
|  44|0x00000000c2c00000, 0x00000000c2cffff0, 0x00000000c2d00000| 99%| O|  |TAMS 0x00000000c2c00000, 0x00000000c2c00000| Untracked 
|  45|0x00000000c2d00000, 0x00000000c2dffff8, 0x00000000c2e00000| 99%| O|  |TAMS 0x00000000c2d00000, 0x00000000c2d00000| Untracked 
|  46|0x00000000c2e00000, 0x00000000c2f00000, 0x00000000c2f00000|100%| O|  |TAMS 0x00000000c2f00000, 0x00000000c2e00000| Untracked 
|  47|0x00000000c2f00000, 0x00000000c3000000, 0x00000000c3000000|100%| O|  |TAMS 0x00000000c3000000, 0x00000000c2f00000| Untracked 
|  48|0x00000000c3000000, 0x00000000c3100000, 0x00000000c3100000|100%| O|  |TAMS 0x00000000c3100000, 0x00000000c3000000| Untracked 
|  49|0x00000000c3100000, 0x00000000c3200000, 0x00000000c3200000|100%| O|  |TAMS 0x00000000c3200000, 0x00000000c3100000| Untracked 
|  50|0x00000000c3200000, 0x00000000c3300000, 0x00000000c3300000|100%| O|  |TAMS 0x00000000c3300000, 0x00000000c3200000| Untracked 
|  51|0x00000000c3300000, 0x00000000c3400000, 0x00000000c3400000|100%|HS|  |TAMS 0x00000000c3400000, 0x00000000c3300000| Untracked 
|  52|0x00000000c3400000, 0x00000000c34ffff8, 0x00000000c3500000| 99%| O|  |TAMS 0x00000000c3400000, 0x00000000c3400000| Untracked 
|  53|0x00000000c3500000, 0x00000000c3600000, 0x00000000c3600000|100%| O|  |TAMS 0x00000000c3500000, 0x00000000c3500000| Untracked 
|  54|0x00000000c3600000, 0x00000000c36ffff0, 0x00000000c3700000| 99%| O|  |TAMS 0x00000000c3600000, 0x00000000c3600000| Untracked 
|  55|0x00000000c3700000, 0x00000000c3800000, 0x00000000c3800000|100%| O|  |TAMS 0x00000000c3700000, 0x00000000c3700000| Untracked 
|  56|0x00000000c3800000, 0x00000000c38ffff8, 0x00000000c3900000| 99%| O|  |TAMS 0x00000000c3800000, 0x00000000c3800000| Untracked 
|  57|0x00000000c3900000, 0x00000000c39ffff8, 0x00000000c3a00000| 99%| O|  |TAMS 0x00000000c3900000, 0x00000000c3900000| Untracked 
|  58|0x00000000c3a00000, 0x00000000c3affff8, 0x00000000c3b00000| 99%| O|  |TAMS 0x00000000c3a00000, 0x00000000c3a00000| Untracked 
|  59|0x00000000c3b00000, 0x00000000c3c00000, 0x00000000c3c00000|100%| O|  |TAMS 0x00000000c3b00000, 0x00000000c3b00000| Untracked 
|  60|0x00000000c3c00000, 0x00000000c3d00000, 0x00000000c3d00000|100%| O|  |TAMS 0x00000000c3d00000, 0x00000000c3c00000| Untracked 
|  61|0x00000000c3d00000, 0x00000000c3dffff8, 0x00000000c3e00000| 99%| O|  |TAMS 0x00000000c3d00000, 0x00000000c3d00000| Untracked 
|  62|0x00000000c3e00000, 0x00000000c3f00000, 0x00000000c3f00000|100%| O|  |TAMS 0x00000000c3f00000, 0x00000000c3e00000| Untracked 
|  63|0x00000000c3f00000, 0x00000000c4000000, 0x00000000c4000000|100%| O|  |TAMS 0x00000000c4000000, 0x00000000c3f00000| Untracked 
|  64|0x00000000c4000000, 0x00000000c4100000, 0x00000000c4100000|100%| O|  |TAMS 0x00000000c4100000, 0x00000000c4000000| Untracked 
|  65|0x00000000c4100000, 0x00000000c4200000, 0x00000000c4200000|100%| O|  |TAMS 0x00000000c4200000, 0x00000000c4100000| Untracked 
|  66|0x00000000c4200000, 0x00000000c4300000, 0x00000000c4300000|100%| O|  |TAMS 0x00000000c4300000, 0x00000000c4200000| Untracked 
|  67|0x00000000c4300000, 0x00000000c4400000, 0x00000000c4400000|100%| O|  |TAMS 0x00000000c4400000, 0x00000000c4300000| Untracked 
|  68|0x00000000c4400000, 0x00000000c44ffff8, 0x00000000c4500000| 99%| O|  |TAMS 0x00000000c4400000, 0x00000000c4400000| Untracked 
|  69|0x00000000c4500000, 0x00000000c45ffff0, 0x00000000c4600000| 99%| O|  |TAMS 0x00000000c4500000, 0x00000000c4500000| Untracked 
|  70|0x00000000c4600000, 0x00000000c466fe88, 0x00000000c4700000| 43%| O|  |TAMS 0x00000000c4600000, 0x00000000c4600000| Untracked 
|  71|0x00000000c4700000, 0x00000000c4700000, 0x00000000c4800000|  0%| F|  |TAMS 0x00000000c4700000, 0x00000000c4700000| Untracked 
|  72|0x00000000c4800000, 0x00000000c4800000, 0x00000000c4900000|  0%| F|  |TAMS 0x00000000c4800000, 0x00000000c4800000| Untracked 
|  73|0x00000000c4900000, 0x00000000c4900000, 0x00000000c4a00000|  0%| F|  |TAMS 0x00000000c4900000, 0x00000000c4900000| Untracked 
|  74|0x00000000c4a00000, 0x00000000c4a00000, 0x00000000c4b00000|  0%| F|  |TAMS 0x00000000c4a00000, 0x00000000c4a00000| Untracked 
|  75|0x00000000c4b00000, 0x00000000c4b00000, 0x00000000c4c00000|  0%| F|  |TAMS 0x00000000c4b00000, 0x00000000c4b00000| Untracked 
|  76|0x00000000c4c00000, 0x00000000c4c00000, 0x00000000c4d00000|  0%| F|  |TAMS 0x00000000c4c00000, 0x00000000c4c00000| Untracked 
|  77|0x00000000c4d00000, 0x00000000c4d00000, 0x00000000c4e00000|  0%| F|  |TAMS 0x00000000c4d00000, 0x00000000c4d00000| Untracked 
|  78|0x00000000c4e00000, 0x00000000c4e00000, 0x00000000c4f00000|  0%| F|  |TAMS 0x00000000c4e00000, 0x00000000c4e00000| Untracked 
|  79|0x00000000c4f00000, 0x00000000c4f00000, 0x00000000c5000000|  0%| F|  |TAMS 0x00000000c4f00000, 0x00000000c4f00000| Untracked 
|  80|0x00000000c5000000, 0x00000000c5000000, 0x00000000c5100000|  0%| F|  |TAMS 0x00000000c5000000, 0x00000000c5000000| Untracked 
|  81|0x00000000c5100000, 0x00000000c5100000, 0x00000000c5200000|  0%| F|  |TAMS 0x00000000c5100000, 0x00000000c5100000| Untracked 
|  82|0x00000000c5200000, 0x00000000c5200000, 0x00000000c5300000|  0%| F|  |TAMS 0x00000000c5200000, 0x00000000c5200000| Untracked 
|  83|0x00000000c5300000, 0x00000000c5300000, 0x00000000c5400000|  0%| F|  |TAMS 0x00000000c5300000, 0x00000000c5300000| Untracked 
|  84|0x00000000c5400000, 0x00000000c5400000, 0x00000000c5500000|  0%| F|  |TAMS 0x00000000c5400000, 0x00000000c5400000| Untracked 
|  85|0x00000000c5500000, 0x00000000c5500000, 0x00000000c5600000|  0%| F|  |TAMS 0x00000000c5500000, 0x00000000c5500000| Untracked 
|  86|0x00000000c5600000, 0x00000000c56e2360, 0x00000000c5700000| 88%| O|  |TAMS 0x00000000c5600000, 0x00000000c5600000| Untracked 
|  87|0x00000000c5700000, 0x00000000c5700000, 0x00000000c5800000|  0%| F|  |TAMS 0x00000000c5700000, 0x00000000c5700000| Untracked 
|  88|0x00000000c5800000, 0x00000000c5800000, 0x00000000c5900000|  0%| F|  |TAMS 0x00000000c5800000, 0x00000000c5800000| Untracked 
|  89|0x00000000c5900000, 0x00000000c5900000, 0x00000000c5a00000|  0%| F|  |TAMS 0x00000000c5900000, 0x00000000c5900000| Untracked 
|  90|0x00000000c5a00000, 0x00000000c5a00000, 0x00000000c5b00000|  0%| F|  |TAMS 0x00000000c5a00000, 0x00000000c5a00000| Untracked 
|  91|0x00000000c5b00000, 0x00000000c5b00000, 0x00000000c5c00000|  0%| F|  |TAMS 0x00000000c5b00000, 0x00000000c5b00000| Untracked 
|  92|0x00000000c5c00000, 0x00000000c5c00000, 0x00000000c5d00000|  0%| F|  |TAMS 0x00000000c5c00000, 0x00000000c5c00000| Untracked 
|  93|0x00000000c5d00000, 0x00000000c5d00000, 0x00000000c5e00000|  0%| F|  |TAMS 0x00000000c5d00000, 0x00000000c5d00000| Untracked 
|  94|0x00000000c5e00000, 0x00000000c5e00000, 0x00000000c5f00000|  0%| F|  |TAMS 0x00000000c5e00000, 0x00000000c5e00000| Untracked 
|  95|0x00000000c5f00000, 0x00000000c6000000, 0x00000000c6000000|100%| O|  |TAMS 0x00000000c5f00000, 0x00000000c5f00000| Untracked 
|  96|0x00000000c6000000, 0x00000000c6000000, 0x00000000c6100000|  0%| F|  |TAMS 0x00000000c6000000, 0x00000000c6000000| Untracked 
|  97|0x00000000c6100000, 0x00000000c6200000, 0x00000000c6200000|100%| O|  |TAMS 0x00000000c6100000, 0x00000000c6100000| Untracked 
|  98|0x00000000c6200000, 0x00000000c62262a8, 0x00000000c6300000| 14%| O|  |TAMS 0x00000000c6200000, 0x00000000c6200000| Untracked 
|  99|0x00000000c6300000, 0x00000000c6300000, 0x00000000c6400000|  0%| F|  |TAMS 0x00000000c6300000, 0x00000000c6300000| Untracked 
| 100|0x00000000c6400000, 0x00000000c6400000, 0x00000000c6500000|  0%| F|  |TAMS 0x00000000c6400000, 0x00000000c6400000| Untracked 
| 101|0x00000000c6500000, 0x00000000c6500000, 0x00000000c6600000|  0%| F|  |TAMS 0x00000000c6500000, 0x00000000c6500000| Untracked 
| 102|0x00000000c6600000, 0x00000000c66c4868, 0x00000000c6700000| 76%| O|  |TAMS 0x00000000c6600000, 0x00000000c6600000| Untracked 
| 103|0x00000000c6700000, 0x00000000c67ffff0, 0x00000000c6800000| 99%| O|  |TAMS 0x00000000c6700000, 0x00000000c6700000| Untracked 
| 104|0x00000000c6800000, 0x00000000c68ffff0, 0x00000000c6900000| 99%| O|  |TAMS 0x00000000c6800000, 0x00000000c6800000| Untracked 
| 105|0x00000000c6900000, 0x00000000c6909708, 0x00000000c6a00000|  3%| O|  |TAMS 0x00000000c6900000, 0x00000000c6900000| Untracked 
| 106|0x00000000c6a00000, 0x00000000c6a00000, 0x00000000c6b00000|  0%| F|  |TAMS 0x00000000c6a00000, 0x00000000c6a00000| Untracked 
| 107|0x00000000c6b00000, 0x00000000c6b00000, 0x00000000c6c00000|  0%| F|  |TAMS 0x00000000c6b00000, 0x00000000c6b00000| Untracked 
| 108|0x00000000c6c00000, 0x00000000c6c00000, 0x00000000c6d00000|  0%| F|  |TAMS 0x00000000c6c00000, 0x00000000c6c00000| Untracked 
| 109|0x00000000c6d00000, 0x00000000c6d00000, 0x00000000c6e00000|  0%| F|  |TAMS 0x00000000c6d00000, 0x00000000c6d00000| Untracked 
| 110|0x00000000c6e00000, 0x00000000c6e00000, 0x00000000c6f00000|  0%| F|  |TAMS 0x00000000c6e00000, 0x00000000c6e00000| Untracked 
| 111|0x00000000c6f00000, 0x00000000c6f00000, 0x00000000c7000000|  0%| F|  |TAMS 0x00000000c6f00000, 0x00000000c6f00000| Untracked 
| 112|0x00000000c7000000, 0x00000000c7000000, 0x00000000c7100000|  0%| F|  |TAMS 0x00000000c7000000, 0x00000000c7000000| Untracked 
| 113|0x00000000c7100000, 0x00000000c7100000, 0x00000000c7200000|  0%| F|  |TAMS 0x00000000c7100000, 0x00000000c7100000| Untracked 
| 114|0x00000000c7200000, 0x00000000c7200000, 0x00000000c7300000|  0%| F|  |TAMS 0x00000000c7200000, 0x00000000c7200000| Untracked 
| 115|0x00000000c7300000, 0x00000000c7300000, 0x00000000c7400000|  0%| F|  |TAMS 0x00000000c7300000, 0x00000000c7300000| Untracked 
| 116|0x00000000c7400000, 0x00000000c7400000, 0x00000000c7500000|  0%| F|  |TAMS 0x00000000c7400000, 0x00000000c7400000| Untracked 
| 117|0x00000000c7500000, 0x00000000c7500000, 0x00000000c7600000|  0%| F|  |TAMS 0x00000000c7500000, 0x00000000c7500000| Untracked 
| 118|0x00000000c7600000, 0x00000000c7600000, 0x00000000c7700000|  0%| F|  |TAMS 0x00000000c7600000, 0x00000000c7600000| Untracked 
| 119|0x00000000c7700000, 0x00000000c7700000, 0x00000000c7800000|  0%| F|  |TAMS 0x00000000c7700000, 0x00000000c7700000| Untracked 
| 120|0x00000000c7800000, 0x00000000c7800000, 0x00000000c7900000|  0%| F|  |TAMS 0x00000000c7800000, 0x00000000c7800000| Untracked 
| 121|0x00000000c7900000, 0x00000000c7900000, 0x00000000c7a00000|  0%| F|  |TAMS 0x00000000c7900000, 0x00000000c7900000| Untracked 
| 122|0x00000000c7a00000, 0x00000000c7a00000, 0x00000000c7b00000|  0%| F|  |TAMS 0x00000000c7a00000, 0x00000000c7a00000| Untracked 
| 123|0x00000000c7b00000, 0x00000000c7b00000, 0x00000000c7c00000|  0%| F|  |TAMS 0x00000000c7b00000, 0x00000000c7b00000| Untracked 
| 124|0x00000000c7c00000, 0x00000000c7c00000, 0x00000000c7d00000|  0%| F|  |TAMS 0x00000000c7c00000, 0x00000000c7c00000| Untracked 
| 125|0x00000000c7d00000, 0x00000000c7d00000, 0x00000000c7e00000|  0%| F|  |TAMS 0x00000000c7d00000, 0x00000000c7d00000| Untracked 
| 126|0x00000000c7e00000, 0x00000000c7e00000, 0x00000000c7f00000|  0%| F|  |TAMS 0x00000000c7e00000, 0x00000000c7e00000| Untracked 
| 127|0x00000000c7f00000, 0x00000000c7f00000, 0x00000000c8000000|  0%| F|  |TAMS 0x00000000c7f00000, 0x00000000c7f00000| Untracked 
| 128|0x00000000c8000000, 0x00000000c8000000, 0x00000000c8100000|  0%| F|  |TAMS 0x00000000c8000000, 0x00000000c8000000| Untracked 
| 129|0x00000000c8100000, 0x00000000c8100000, 0x00000000c8200000|  0%| F|  |TAMS 0x00000000c8100000, 0x00000000c8100000| Untracked 
| 130|0x00000000c8200000, 0x00000000c8200000, 0x00000000c8300000|  0%| F|  |TAMS 0x00000000c8200000, 0x00000000c8200000| Untracked 
| 131|0x00000000c8300000, 0x00000000c8300000, 0x00000000c8400000|  0%| F|  |TAMS 0x00000000c8300000, 0x00000000c8300000| Untracked 
| 132|0x00000000c8400000, 0x00000000c8400000, 0x00000000c8500000|  0%| F|  |TAMS 0x00000000c8400000, 0x00000000c8400000| Untracked 
| 133|0x00000000c8500000, 0x00000000c8500000, 0x00000000c8600000|  0%| F|  |TAMS 0x00000000c8500000, 0x00000000c8500000| Untracked 
| 134|0x00000000c8600000, 0x00000000c8600000, 0x00000000c8700000|  0%| F|  |TAMS 0x00000000c8600000, 0x00000000c8600000| Untracked 
| 135|0x00000000c8700000, 0x00000000c8700000, 0x00000000c8800000|  0%| F|  |TAMS 0x00000000c8700000, 0x00000000c8700000| Untracked 
| 136|0x00000000c8800000, 0x00000000c8800000, 0x00000000c8900000|  0%| F|  |TAMS 0x00000000c8800000, 0x00000000c8800000| Untracked 
| 137|0x00000000c8900000, 0x00000000c8900000, 0x00000000c8a00000|  0%| F|  |TAMS 0x00000000c8900000, 0x00000000c8900000| Untracked 
| 138|0x00000000c8a00000, 0x00000000c8a00000, 0x00000000c8b00000|  0%| F|  |TAMS 0x00000000c8a00000, 0x00000000c8a00000| Untracked 
| 139|0x00000000c8b00000, 0x00000000c8b00000, 0x00000000c8c00000|  0%| F|  |TAMS 0x00000000c8b00000, 0x00000000c8b00000| Untracked 
| 140|0x00000000c8c00000, 0x00000000c8c00000, 0x00000000c8d00000|  0%| F|  |TAMS 0x00000000c8c00000, 0x00000000c8c00000| Untracked 
| 141|0x00000000c8d00000, 0x00000000c8d00000, 0x00000000c8e00000|  0%| F|  |TAMS 0x00000000c8d00000, 0x00000000c8d00000| Untracked 
| 142|0x00000000c8e00000, 0x00000000c8e00000, 0x00000000c8f00000|  0%| F|  |TAMS 0x00000000c8e00000, 0x00000000c8e00000| Untracked 
| 143|0x00000000c8f00000, 0x00000000c8f00000, 0x00000000c9000000|  0%| F|  |TAMS 0x00000000c8f00000, 0x00000000c8f00000| Untracked 
| 144|0x00000000c9000000, 0x00000000c9000000, 0x00000000c9100000|  0%| F|  |TAMS 0x00000000c9000000, 0x00000000c9000000| Untracked 
| 145|0x00000000c9100000, 0x00000000c9100000, 0x00000000c9200000|  0%| F|  |TAMS 0x00000000c9100000, 0x00000000c9100000| Untracked 
| 146|0x00000000c9200000, 0x00000000c9200000, 0x00000000c9300000|  0%| F|  |TAMS 0x00000000c9200000, 0x00000000c9200000| Untracked 
| 147|0x00000000c9300000, 0x00000000c9300000, 0x00000000c9400000|  0%| F|  |TAMS 0x00000000c9300000, 0x00000000c9300000| Untracked 
| 148|0x00000000c9400000, 0x00000000c9400000, 0x00000000c9500000|  0%| F|  |TAMS 0x00000000c9400000, 0x00000000c9400000| Untracked 
| 149|0x00000000c9500000, 0x00000000c9500000, 0x00000000c9600000|  0%| F|  |TAMS 0x00000000c9500000, 0x00000000c9500000| Untracked 
| 150|0x00000000c9600000, 0x00000000c9600000, 0x00000000c9700000|  0%| F|  |TAMS 0x00000000c9600000, 0x00000000c9600000| Untracked 
| 151|0x00000000c9700000, 0x00000000c9700000, 0x00000000c9800000|  0%| F|  |TAMS 0x00000000c9700000, 0x00000000c9700000| Untracked 
| 152|0x00000000c9800000, 0x00000000c9800000, 0x00000000c9900000|  0%| F|  |TAMS 0x00000000c9800000, 0x00000000c9800000| Untracked 
| 153|0x00000000c9900000, 0x00000000c9900000, 0x00000000c9a00000|  0%| F|  |TAMS 0x00000000c9900000, 0x00000000c9900000| Untracked 
| 154|0x00000000c9a00000, 0x00000000c9a00000, 0x00000000c9b00000|  0%| F|  |TAMS 0x00000000c9a00000, 0x00000000c9a00000| Untracked 
| 155|0x00000000c9b00000, 0x00000000c9b00000, 0x00000000c9c00000|  0%| F|  |TAMS 0x00000000c9b00000, 0x00000000c9b00000| Untracked 
| 156|0x00000000c9c00000, 0x00000000c9c00000, 0x00000000c9d00000|  0%| F|  |TAMS 0x00000000c9c00000, 0x00000000c9c00000| Untracked 
| 157|0x00000000c9d00000, 0x00000000c9d00000, 0x00000000c9e00000|  0%| F|  |TAMS 0x00000000c9d00000, 0x00000000c9d00000| Untracked 
| 158|0x00000000c9e00000, 0x00000000c9e00000, 0x00000000c9f00000|  0%| F|  |TAMS 0x00000000c9e00000, 0x00000000c9e00000| Untracked 
| 159|0x00000000c9f00000, 0x00000000c9f00000, 0x00000000ca000000|  0%| F|  |TAMS 0x00000000c9f00000, 0x00000000c9f00000| Untracked 
| 160|0x00000000ca000000, 0x00000000ca000000, 0x00000000ca100000|  0%| F|  |TAMS 0x00000000ca000000, 0x00000000ca000000| Untracked 
| 161|0x00000000ca100000, 0x00000000ca100000, 0x00000000ca200000|  0%| F|  |TAMS 0x00000000ca100000, 0x00000000ca100000| Untracked 
| 162|0x00000000ca200000, 0x00000000ca200000, 0x00000000ca300000|  0%| F|  |TAMS 0x00000000ca200000, 0x00000000ca200000| Untracked 
| 163|0x00000000ca300000, 0x00000000ca300000, 0x00000000ca400000|  0%| F|  |TAMS 0x00000000ca300000, 0x00000000ca300000| Untracked 
| 164|0x00000000ca400000, 0x00000000ca400000, 0x00000000ca500000|  0%| F|  |TAMS 0x00000000ca400000, 0x00000000ca400000| Untracked 
| 165|0x00000000ca500000, 0x00000000ca500000, 0x00000000ca600000|  0%| F|  |TAMS 0x00000000ca500000, 0x00000000ca500000| Untracked 
| 166|0x00000000ca600000, 0x00000000ca600000, 0x00000000ca700000|  0%| F|  |TAMS 0x00000000ca600000, 0x00000000ca600000| Untracked 
| 167|0x00000000ca700000, 0x00000000ca700000, 0x00000000ca800000|  0%| F|  |TAMS 0x00000000ca700000, 0x00000000ca700000| Untracked 
| 168|0x00000000ca800000, 0x00000000ca800000, 0x00000000ca900000|  0%| F|  |TAMS 0x00000000ca800000, 0x00000000ca800000| Untracked 
| 169|0x00000000ca900000, 0x00000000ca900000, 0x00000000caa00000|  0%| F|  |TAMS 0x00000000ca900000, 0x00000000ca900000| Untracked 
| 170|0x00000000caa00000, 0x00000000caa00000, 0x00000000cab00000|  0%| F|  |TAMS 0x00000000caa00000, 0x00000000caa00000| Untracked 
| 171|0x00000000cab00000, 0x00000000cab00000, 0x00000000cac00000|  0%| F|  |TAMS 0x00000000cab00000, 0x00000000cab00000| Untracked 
| 172|0x00000000cac00000, 0x00000000cac00000, 0x00000000cad00000|  0%| F|  |TAMS 0x00000000cac00000, 0x00000000cac00000| Untracked 
| 173|0x00000000cad00000, 0x00000000cad00000, 0x00000000cae00000|  0%| F|  |TAMS 0x00000000cad00000, 0x00000000cad00000| Untracked 
| 174|0x00000000cae00000, 0x00000000cae00000, 0x00000000caf00000|  0%| F|  |TAMS 0x00000000cae00000, 0x00000000cae00000| Untracked 
| 175|0x00000000caf00000, 0x00000000caf00000, 0x00000000cb000000|  0%| F|  |TAMS 0x00000000caf00000, 0x00000000caf00000| Untracked 
| 176|0x00000000cb000000, 0x00000000cb000000, 0x00000000cb100000|  0%| F|  |TAMS 0x00000000cb000000, 0x00000000cb000000| Untracked 
| 177|0x00000000cb100000, 0x00000000cb100000, 0x00000000cb200000|  0%| F|  |TAMS 0x00000000cb100000, 0x00000000cb100000| Untracked 
| 178|0x00000000cb200000, 0x00000000cb200000, 0x00000000cb300000|  0%| F|  |TAMS 0x00000000cb200000, 0x00000000cb200000| Untracked 
| 179|0x00000000cb300000, 0x00000000cb300000, 0x00000000cb400000|  0%| F|  |TAMS 0x00000000cb300000, 0x00000000cb300000| Untracked 
| 180|0x00000000cb400000, 0x00000000cb400000, 0x00000000cb500000|  0%| F|  |TAMS 0x00000000cb400000, 0x00000000cb400000| Untracked 
| 181|0x00000000cb500000, 0x00000000cb500000, 0x00000000cb600000|  0%| F|  |TAMS 0x00000000cb500000, 0x00000000cb500000| Untracked 
| 182|0x00000000cb600000, 0x00000000cb600000, 0x00000000cb700000|  0%| F|  |TAMS 0x00000000cb600000, 0x00000000cb600000| Untracked 
| 183|0x00000000cb700000, 0x00000000cb700000, 0x00000000cb800000|  0%| F|  |TAMS 0x00000000cb700000, 0x00000000cb700000| Untracked 
| 184|0x00000000cb800000, 0x00000000cb800000, 0x00000000cb900000|  0%| F|  |TAMS 0x00000000cb800000, 0x00000000cb800000| Untracked 
| 185|0x00000000cb900000, 0x00000000cb900000, 0x00000000cba00000|  0%| F|  |TAMS 0x00000000cb900000, 0x00000000cb900000| Untracked 
| 186|0x00000000cba00000, 0x00000000cba00000, 0x00000000cbb00000|  0%| F|  |TAMS 0x00000000cba00000, 0x00000000cba00000| Untracked 
| 187|0x00000000cbb00000, 0x00000000cbb00000, 0x00000000cbc00000|  0%| F|  |TAMS 0x00000000cbb00000, 0x00000000cbb00000| Untracked 
| 188|0x00000000cbc00000, 0x00000000cbc00000, 0x00000000cbd00000|  0%| F|  |TAMS 0x00000000cbc00000, 0x00000000cbc00000| Untracked 
| 189|0x00000000cbd00000, 0x00000000cbd00000, 0x00000000cbe00000|  0%| F|  |TAMS 0x00000000cbd00000, 0x00000000cbd00000| Untracked 
| 190|0x00000000cbe00000, 0x00000000cbe00000, 0x00000000cbf00000|  0%| F|  |TAMS 0x00000000cbe00000, 0x00000000cbe00000| Untracked 
| 191|0x00000000cbf00000, 0x00000000cbf00000, 0x00000000cc000000|  0%| F|  |TAMS 0x00000000cbf00000, 0x00000000cbf00000| Untracked 
| 192|0x00000000cc000000, 0x00000000cc000000, 0x00000000cc100000|  0%| F|  |TAMS 0x00000000cc000000, 0x00000000cc000000| Untracked 
| 193|0x00000000cc100000, 0x00000000cc100000, 0x00000000cc200000|  0%| F|  |TAMS 0x00000000cc100000, 0x00000000cc100000| Untracked 
| 194|0x00000000cc200000, 0x00000000cc200000, 0x00000000cc300000|  0%| F|  |TAMS 0x00000000cc200000, 0x00000000cc200000| Untracked 
| 195|0x00000000cc300000, 0x00000000cc300000, 0x00000000cc400000|  0%| F|  |TAMS 0x00000000cc300000, 0x00000000cc300000| Untracked 
| 196|0x00000000cc400000, 0x00000000cc400000, 0x00000000cc500000|  0%| F|  |TAMS 0x00000000cc400000, 0x00000000cc400000| Untracked 
| 197|0x00000000cc500000, 0x00000000cc500000, 0x00000000cc600000|  0%| F|  |TAMS 0x00000000cc500000, 0x00000000cc500000| Untracked 
| 198|0x00000000cc600000, 0x00000000cc600000, 0x00000000cc700000|  0%| F|  |TAMS 0x00000000cc600000, 0x00000000cc600000| Untracked 
| 199|0x00000000cc700000, 0x00000000cc700000, 0x00000000cc800000|  0%| F|  |TAMS 0x00000000cc700000, 0x00000000cc700000| Untracked 
| 200|0x00000000cc800000, 0x00000000cc800000, 0x00000000cc900000|  0%| F|  |TAMS 0x00000000cc800000, 0x00000000cc800000| Untracked 
| 201|0x00000000cc900000, 0x00000000cc900000, 0x00000000cca00000|  0%| F|  |TAMS 0x00000000cc900000, 0x00000000cc900000| Untracked 
| 202|0x00000000cca00000, 0x00000000cca00000, 0x00000000ccb00000|  0%| F|  |TAMS 0x00000000cca00000, 0x00000000cca00000| Untracked 
| 203|0x00000000ccb00000, 0x00000000ccb00000, 0x00000000ccc00000|  0%| F|  |TAMS 0x00000000ccb00000, 0x00000000ccb00000| Untracked 
| 204|0x00000000ccc00000, 0x00000000ccc00000, 0x00000000ccd00000|  0%| F|  |TAMS 0x00000000ccc00000, 0x00000000ccc00000| Untracked 
| 205|0x00000000ccd00000, 0x00000000ccd00000, 0x00000000cce00000|  0%| F|  |TAMS 0x00000000ccd00000, 0x00000000ccd00000| Untracked 
| 206|0x00000000cce00000, 0x00000000cce00000, 0x00000000ccf00000|  0%| F|  |TAMS 0x00000000cce00000, 0x00000000cce00000| Untracked 
| 207|0x00000000ccf00000, 0x00000000ccf00000, 0x00000000cd000000|  0%| F|  |TAMS 0x00000000ccf00000, 0x00000000ccf00000| Untracked 
| 208|0x00000000cd000000, 0x00000000cd000000, 0x00000000cd100000|  0%| F|  |TAMS 0x00000000cd000000, 0x00000000cd000000| Untracked 
| 209|0x00000000cd100000, 0x00000000cd100000, 0x00000000cd200000|  0%| F|  |TAMS 0x00000000cd100000, 0x00000000cd100000| Untracked 
| 210|0x00000000cd200000, 0x00000000cd200000, 0x00000000cd300000|  0%| F|  |TAMS 0x00000000cd200000, 0x00000000cd200000| Untracked 
| 211|0x00000000cd300000, 0x00000000cd300000, 0x00000000cd400000|  0%| F|  |TAMS 0x00000000cd300000, 0x00000000cd300000| Untracked 
| 212|0x00000000cd400000, 0x00000000cd500000, 0x00000000cd500000|100%| E|  |TAMS 0x00000000cd400000, 0x00000000cd400000| Complete 
| 213|0x00000000cd500000, 0x00000000cd600000, 0x00000000cd600000|100%| E|CS|TAMS 0x00000000cd500000, 0x00000000cd500000| Complete 
| 214|0x00000000cd600000, 0x00000000cd700000, 0x00000000cd700000|100%| E|CS|TAMS 0x00000000cd600000, 0x00000000cd600000| Complete 
| 215|0x00000000cd700000, 0x00000000cd800000, 0x00000000cd800000|100%| E|CS|TAMS 0x00000000cd700000, 0x00000000cd700000| Complete 
| 216|0x00000000cd800000, 0x00000000cd900000, 0x00000000cd900000|100%| E|CS|TAMS 0x00000000cd800000, 0x00000000cd800000| Complete 
| 217|0x00000000cd900000, 0x00000000cda00000, 0x00000000cda00000|100%| E|CS|TAMS 0x00000000cd900000, 0x00000000cd900000| Complete 
| 218|0x00000000cda00000, 0x00000000cdb00000, 0x00000000cdb00000|100%| E|CS|TAMS 0x00000000cda00000, 0x00000000cda00000| Complete 
| 219|0x00000000cdb00000, 0x00000000cdc00000, 0x00000000cdc00000|100%| E|CS|TAMS 0x00000000cdb00000, 0x00000000cdb00000| Complete 
| 220|0x00000000cdc00000, 0x00000000cdd00000, 0x00000000cdd00000|100%| E|CS|TAMS 0x00000000cdc00000, 0x00000000cdc00000| Complete 
| 221|0x00000000cdd00000, 0x00000000cde00000, 0x00000000cde00000|100%| E|CS|TAMS 0x00000000cdd00000, 0x00000000cdd00000| Complete 
| 222|0x00000000cde00000, 0x00000000cdf00000, 0x00000000cdf00000|100%| E|CS|TAMS 0x00000000cde00000, 0x00000000cde00000| Complete 
| 223|0x00000000cdf00000, 0x00000000ce000000, 0x00000000ce000000|100%| E|CS|TAMS 0x00000000cdf00000, 0x00000000cdf00000| Complete 
| 224|0x00000000ce000000, 0x00000000ce100000, 0x00000000ce100000|100%| E|CS|TAMS 0x00000000ce000000, 0x00000000ce000000| Complete 
| 225|0x00000000ce100000, 0x00000000ce200000, 0x00000000ce200000|100%| E|CS|TAMS 0x00000000ce100000, 0x00000000ce100000| Complete 
| 226|0x00000000ce200000, 0x00000000ce27fae0, 0x00000000ce300000| 49%| O|  |TAMS 0x00000000ce200000, 0x00000000ce200000| Untracked 
| 227|0x00000000ce300000, 0x00000000ce400000, 0x00000000ce400000|100%| E|CS|TAMS 0x00000000ce300000, 0x00000000ce300000| Complete 
| 228|0x00000000ce400000, 0x00000000ce500000, 0x00000000ce500000|100%| E|CS|TAMS 0x00000000ce400000, 0x00000000ce400000| Complete 
| 229|0x00000000ce500000, 0x00000000ce600000, 0x00000000ce600000|100%| E|CS|TAMS 0x00000000ce500000, 0x00000000ce500000| Complete 
| 230|0x00000000ce600000, 0x00000000ce700000, 0x00000000ce700000|100%| E|CS|TAMS 0x00000000ce600000, 0x00000000ce600000| Complete 
| 231|0x00000000ce700000, 0x00000000ce800000, 0x00000000ce800000|100%| E|CS|TAMS 0x00000000ce700000, 0x00000000ce700000| Complete 
| 232|0x00000000ce800000, 0x00000000ce900000, 0x00000000ce900000|100%| E|CS|TAMS 0x00000000ce800000, 0x00000000ce800000| Complete 
| 233|0x00000000ce900000, 0x00000000cea00000, 0x00000000cea00000|100%| E|CS|TAMS 0x00000000ce900000, 0x00000000ce900000| Complete 
| 234|0x00000000cea00000, 0x00000000ceb00000, 0x00000000ceb00000|100%| E|CS|TAMS 0x00000000cea00000, 0x00000000cea00000| Complete 
| 235|0x00000000ceb00000, 0x00000000cec00000, 0x00000000cec00000|100%| E|CS|TAMS 0x00000000ceb00000, 0x00000000ceb00000| Complete 
| 236|0x00000000cec00000, 0x00000000ced00000, 0x00000000ced00000|100%| E|CS|TAMS 0x00000000cec00000, 0x00000000cec00000| Complete 
| 237|0x00000000ced00000, 0x00000000cee00000, 0x00000000cee00000|100%| E|CS|TAMS 0x00000000ced00000, 0x00000000ced00000| Complete 
| 238|0x00000000cee00000, 0x00000000cef00000, 0x00000000cef00000|100%| E|CS|TAMS 0x00000000cee00000, 0x00000000cee00000| Complete 
| 239|0x00000000cef00000, 0x00000000cf000000, 0x00000000cf000000|100%| E|CS|TAMS 0x00000000cef00000, 0x00000000cef00000| Complete 
| 240|0x00000000cf000000, 0x00000000cf100000, 0x00000000cf100000|100%| E|CS|TAMS 0x00000000cf000000, 0x00000000cf000000| Complete 
| 241|0x00000000cf100000, 0x00000000cf200000, 0x00000000cf200000|100%| E|CS|TAMS 0x00000000cf100000, 0x00000000cf100000| Complete 
| 242|0x00000000cf200000, 0x00000000cf300000, 0x00000000cf300000|100%| E|CS|TAMS 0x00000000cf200000, 0x00000000cf200000| Complete 
| 243|0x00000000cf300000, 0x00000000cf400000, 0x00000000cf400000|100%| E|CS|TAMS 0x00000000cf300000, 0x00000000cf300000| Complete 
| 244|0x00000000cf400000, 0x00000000cf500000, 0x00000000cf500000|100%| E|CS|TAMS 0x00000000cf400000, 0x00000000cf400000| Complete 
| 245|0x00000000cf500000, 0x00000000cf600000, 0x00000000cf600000|100%| E|CS|TAMS 0x00000000cf500000, 0x00000000cf500000| Complete 
| 246|0x00000000cf600000, 0x00000000cf700000, 0x00000000cf700000|100%| E|CS|TAMS 0x00000000cf600000, 0x00000000cf600000| Complete 
| 247|0x00000000cf700000, 0x00000000cf800000, 0x00000000cf800000|100%| E|CS|TAMS 0x00000000cf700000, 0x00000000cf700000| Complete 
| 248|0x00000000cf800000, 0x00000000cf900000, 0x00000000cf900000|100%| E|CS|TAMS 0x00000000cf800000, 0x00000000cf800000| Complete 
| 249|0x00000000cf900000, 0x00000000cfa00000, 0x00000000cfa00000|100%| E|CS|TAMS 0x00000000cf900000, 0x00000000cf900000| Complete 
| 250|0x00000000cfa00000, 0x00000000cfb00000, 0x00000000cfb00000|100%| E|CS|TAMS 0x00000000cfa00000, 0x00000000cfa00000| Complete 
| 251|0x00000000cfb00000, 0x00000000cfb6b028, 0x00000000cfc00000| 41%| O|  |TAMS 0x00000000cfb00000, 0x00000000cfb00000| Untracked 
| 252|0x00000000cfc00000, 0x00000000cfd00000, 0x00000000cfd00000|100%| E|CS|TAMS 0x00000000cfc00000, 0x00000000cfc00000| Complete 
| 253|0x00000000cfd00000, 0x00000000cfe00000, 0x00000000cfe00000|100%| E|CS|TAMS 0x00000000cfd00000, 0x00000000cfd00000| Complete 
| 254|0x00000000cfe00000, 0x00000000cff00000, 0x00000000cff00000|100%| E|CS|TAMS 0x00000000cfe00000, 0x00000000cfe00000| Complete 
| 255|0x00000000cff00000, 0x00000000d0000000, 0x00000000d0000000|100%| E|CS|TAMS 0x00000000cff00000, 0x00000000cff00000| Complete 
| 256|0x00000000d0000000, 0x00000000d0100000, 0x00000000d0100000|100%| E|CS|TAMS 0x00000000d0000000, 0x00000000d0000000| Complete 
| 257|0x00000000d0100000, 0x00000000d0200000, 0x00000000d0200000|100%| E|CS|TAMS 0x00000000d0100000, 0x00000000d0100000| Complete 
| 258|0x00000000d0200000, 0x00000000d0300000, 0x00000000d0300000|100%| E|CS|TAMS 0x00000000d0200000, 0x00000000d0200000| Complete 
| 259|0x00000000d0300000, 0x00000000d0400000, 0x00000000d0400000|100%| E|CS|TAMS 0x00000000d0300000, 0x00000000d0300000| Complete 
| 260|0x00000000d0400000, 0x00000000d0500000, 0x00000000d0500000|100%| E|CS|TAMS 0x00000000d0400000, 0x00000000d0400000| Complete 
| 261|0x00000000d0500000, 0x00000000d0600000, 0x00000000d0600000|100%| E|CS|TAMS 0x00000000d0500000, 0x00000000d0500000| Complete 
| 262|0x00000000d0600000, 0x00000000d0700000, 0x00000000d0700000|100%| E|CS|TAMS 0x00000000d0600000, 0x00000000d0600000| Complete 
| 263|0x00000000d0700000, 0x00000000d0800000, 0x00000000d0800000|100%| E|CS|TAMS 0x00000000d0700000, 0x00000000d0700000| Complete 
| 264|0x00000000d0800000, 0x00000000d0900000, 0x00000000d0900000|100%| E|CS|TAMS 0x00000000d0800000, 0x00000000d0800000| Complete 
| 265|0x00000000d0900000, 0x00000000d0a00000, 0x00000000d0a00000|100%| E|CS|TAMS 0x00000000d0900000, 0x00000000d0900000| Complete 
| 266|0x00000000d0a00000, 0x00000000d0b00000, 0x00000000d0b00000|100%| E|CS|TAMS 0x00000000d0a00000, 0x00000000d0a00000| Complete 
| 267|0x00000000d0b00000, 0x00000000d0c00000, 0x00000000d0c00000|100%| E|CS|TAMS 0x00000000d0b00000, 0x00000000d0b00000| Complete 
| 268|0x00000000d0c00000, 0x00000000d0d00000, 0x00000000d0d00000|100%| E|CS|TAMS 0x00000000d0c00000, 0x00000000d0c00000| Complete 
| 269|0x00000000d0d00000, 0x00000000d0e00000, 0x00000000d0e00000|100%| E|CS|TAMS 0x00000000d0d00000, 0x00000000d0d00000| Complete 

Card table byte_map: [0x000002a30efd0000,0x000002a30f1d0000] _byte_map_base: 0x000002a30e9d0000

Marking Bits (Prev, Next): (CMBitMap*) 0x000002a37f209690, (CMBitMap*) 0x000002a37f2096d0
 Prev Bits: [0x000002a327870000, 0x000002a328870000)
 Next Bits: [0x000002a328870000, 0x000002a329870000)

Polling page: 0x000002a300cd0000

Metaspace:

Usage:
  Non-class:      8.17 MB used.
      Class:      1.44 MB used.
       Both:      9.61 MB used.

Virtual space:
  Non-class space:       16.00 MB reserved,       8.31 MB ( 52%) committed,  2 nodes.
      Class space:        1.00 GB reserved,       1.56 MB ( <1%) committed,  1 nodes.
             Both:        1.02 GB reserved,       9.88 MB ( <1%) committed. 

Chunk freelists:
   Non-Class:  2.23 MB
       Class:  2.47 MB
        Both:  4.70 MB

MaxMetaspaceSize: unlimited
CompressedClassSpaceSize: 1.00 GB
Initial GC threshold: 21.00 MB
Current GC threshold: 21.00 MB
CDS: on
MetaspaceReclaimPolicy: balanced
 - commit_granule_bytes: 65536.
 - commit_granule_words: 8192.
 - virtual_space_node_default_size: 1048576.
 - enlarge_chunks_in_place: 1.
 - new_chunks_are_fully_committed: 0.
 - uncommit_free_chunks: 1.
 - use_allocation_guard: 0.
 - handle_deallocations: 1.


Internal statistics:

num_allocs_failed_limit: 0.
num_arena_births: 92.
num_arena_deaths: 0.
num_vsnodes_births: 3.
num_vsnodes_deaths: 0.
num_space_committed: 158.
num_space_uncommitted: 0.
num_chunks_returned_to_freelist: 0.
num_chunks_taken_from_freelist: 367.
num_chunk_merges: 0.
num_chunk_splits: 282.
num_chunks_enlarged: 243.
num_purges: 0.
num_inconsistent_stats: 0.

CodeHeap 'non-profiled nmethods': size=120000Kb used=2089Kb max_used=2089Kb free=117910Kb
 bounds [0x000002a320340000, 0x000002a3205b0000, 0x000002a327870000]
CodeHeap 'profiled nmethods': size=120000Kb used=6060Kb max_used=6060Kb free=113939Kb
 bounds [0x000002a318e10000, 0x000002a319400000, 0x000002a320340000]
CodeHeap 'non-nmethods': size=5760Kb used=1153Kb max_used=1249Kb free=4606Kb
 bounds [0x000002a318870000, 0x000002a318ae0000, 0x000002a318e10000]
 total_blobs=3850 nmethods=3413 adapters=348
 compilation: enabled
              stopped_count=0, restarted_count=0
 full_count=0

Compilation events (20 events):
Event: 69.677 Thread 0x000002a37eb66250 3437       3       java.util.stream.ReduceOps$3ReducingSink::begin (14 bytes)
Event: 69.677 Thread 0x000002a37eb66250 nmethod 3437 0x000002a3193f6b90 code [0x000002a3193f6d40, 0x000002a3193f6f68]
Event: 69.677 Thread 0x000002a37eb66250 3440       3       java.util.Spliterators$ArraySpliterator::forEachRemaining (68 bytes)
Event: 69.677 Thread 0x000002a37eb66250 nmethod 3440 0x000002a3193f7010 code [0x000002a3193f71e0, 0x000002a3193f7678]
Event: 69.677 Thread 0x000002a37eb66250 3438       3       java.util.stream.Collectors$$Lambda$43/0x800000051::get (16 bytes)
Event: 69.677 Thread 0x000002a37eb66250 nmethod 3438 0x000002a3193f7810 code [0x000002a3193f79a0, 0x000002a3193f7ae8]
Event: 69.677 Thread 0x000002a37eb66250 3439       3       java.util.stream.Collectors::lambda$joining$11 (11 bytes)
Event: 69.677 Thread 0x000002a37eb66250 nmethod 3439 0x000002a3193f7b90 code [0x000002a3193f7d40, 0x000002a3193f7ee8]
Event: 69.677 Thread 0x000002a37eb66250 3441       3       java.util.stream.Collectors$$Lambda$46/0x800000054::apply (8 bytes)
Event: 69.677 Thread 0x000002a37eb66250 nmethod 3441 0x000002a3193f7f90 code [0x000002a3193f8140, 0x000002a3193f8388]
Event: 69.677 Thread 0x000002a37eb66250 3442       3       java.util.TreeMap::addEntry (59 bytes)
Event: 69.677 Thread 0x000002a37eb64e10 3444       4       java.lang.ref.SoftReference::get (29 bytes)
Event: 69.677 Thread 0x000002a37eb66250 nmethod 3442 0x000002a3193f8490 code [0x000002a3193f8660, 0x000002a3193f8b28]
Event: 69.677 Thread 0x000002a37eb66250 3443       3       jdk.internal.reflect.Reflection::filter (163 bytes)
Event: 69.677 Thread 0x000002a37eb66250 nmethod 3443 0x000002a3193f8d10 code [0x000002a3193f8f80, 0x000002a3193f9d28]
Event: 69.677 Thread 0x000002a37eb66250 3445       3       java.util.TreeMap::successor (66 bytes)
Event: 69.678 Thread 0x000002a37eb66250 nmethod 3445 0x000002a3193fa110 code [0x000002a3193fa2e0, 0x000002a3193fa658]
Event: 69.678 Thread 0x000002a37eb66250 3446       3       org.jpype.manager.MethodResolution::isAssignableTo (71 bytes)
Event: 69.678 Thread 0x000002a37eb64e10 nmethod 3444 0x000002a320522590 code [0x000002a320522700, 0x000002a3205227f8]
Event: 69.678 Thread 0x000002a37eb66250 nmethod 3446 0x000002a3193fa790 code [0x000002a3193fa980, 0x000002a3193faff8]

GC Heap History (20 events):
Event: 68.742 GC heap before
{Heap before GC invocations=25 (full 5):
 garbage-first heap   total 109568K, used 73067K [0x00000000c0000000, 0x0000000100000000)
  region size 1024K, 26 young (26624K), 4 survivors (4096K)
 Metaspace       used 9393K, committed 9600K, reserved 1064960K
  class space    used 1409K, committed 1536K, reserved 1048576K
}
Event: 68.749 GC heap after
{Heap after GC invocations=26 (full 5):
 garbage-first heap   total 109568K, used 53764K [0x00000000c0000000, 0x0000000100000000)
  region size 1024K, 3 young (3072K), 3 survivors (3072K)
 Metaspace       used 9393K, committed 9600K, reserved 1064960K
  class space    used 1409K, committed 1536K, reserved 1048576K
}
Event: 68.757 GC heap before
{Heap before GC invocations=26 (full 5):
 garbage-first heap   total 109568K, used 55812K [0x00000000c0000000, 0x0000000100000000)
  region size 1024K, 5 young (5120K), 3 survivors (3072K)
 Metaspace       used 9402K, committed 9600K, reserved 1064960K
  class space    used 1409K, committed 1536K, reserved 1048576K
}
Event: 68.766 GC heap after
{Heap after GC invocations=27 (full 5):
 garbage-first heap   total 109568K, used 53593K [0x00000000c0000000, 0x0000000100000000)
  region size 1024K, 1 young (1024K), 1 survivors (1024K)
 Metaspace       used 9402K, committed 9600K, reserved 1064960K
  class space    used 1409K, committed 1536K, reserved 1048576K
}
Event: 68.855 GC heap before
{Heap before GC invocations=27 (full 5):
 garbage-first heap   total 109568K, used 80217K [0x00000000c0000000, 0x0000000100000000)
  region size 1024K, 27 young (27648K), 1 survivors (1024K)
 Metaspace       used 9435K, committed 9664K, reserved 1064960K
  class space    used 1409K, committed 1536K, reserved 1048576K
}
Event: 68.856 GC heap after
{Heap after GC invocations=28 (full 5):
 garbage-first heap   total 317440K, used 53185K [0x00000000c0000000, 0x0000000100000000)
  region size 1024K, 1 young (1024K), 1 survivors (1024K)
 Metaspace       used 9435K, committed 9664K, reserved 1064960K
  class space    used 1409K, committed 1536K, reserved 1048576K
}
Event: 68.878 GC heap before
{Heap before GC invocations=28 (full 5):
 garbage-first heap   total 191488K, used 57281K [0x00000000c0000000, 0x0000000100000000)
  region size 1024K, 6 young (6144K), 1 survivors (1024K)
 Metaspace       used 9435K, committed 9664K, reserved 1064960K
  class space    used 1409K, committed 1536K, reserved 1048576K
}
Event: 68.896 GC heap after
{Heap after GC invocations=29 (full 6):
 garbage-first heap   total 160768K, used 45540K [0x00000000c0000000, 0x0000000100000000)
  region size 1024K, 0 young (0K), 0 survivors (0K)
 Metaspace       used 9435K, committed 9664K, reserved 1064960K
  class space    used 1409K, committed 1536K, reserved 1048576K
}
Event: 69.028 GC heap before
{Heap before GC invocations=29 (full 6):
 garbage-first heap   total 160768K, used 95716K [0x00000000c0000000, 0x0000000100000000)
  region size 1024K, 50 young (51200K), 0 survivors (0K)
 Metaspace       used 9509K, committed 9792K, reserved 1064960K
  class space    used 1417K, committed 1536K, reserved 1048576K
}
Event: 69.055 GC heap after
{Heap after GC invocations=30 (full 7):
 garbage-first heap   total 160768K, used 49532K [0x00000000c0000000, 0x0000000100000000)
  region size 1024K, 0 young (0K), 0 survivors (0K)
 Metaspace       used 9509K, committed 9792K, reserved 1064960K
  class space    used 1417K, committed 1536K, reserved 1048576K
}
Event: 69.143 GC heap before
{Heap before GC invocations=30 (full 7):
 garbage-first heap   total 160768K, used 117116K [0x00000000c0000000, 0x0000000100000000)
  region size 1024K, 66 young (67584K), 0 survivors (0K)
 Metaspace       used 9510K, committed 9792K, reserved 1064960K
  class space    used 1417K, committed 1536K, reserved 1048576K
}
Event: 69.151 GC heap after
{Heap after GC invocations=31 (full 7):
 garbage-first heap   total 160768K, used 57978K [0x00000000c0000000, 0x0000000100000000)
  region size 1024K, 9 young (9216K), 9 survivors (9216K)
 Metaspace       used 9510K, committed 9792K, reserved 1064960K
  class space    used 1417K, committed 1536K, reserved 1048576K
}
Event: 69.256 GC heap before
{Heap before GC invocations=31 (full 7):
 garbage-first heap   total 160768K, used 117370K [0x00000000c0000000, 0x0000000100000000)
  region size 1024K, 67 young (68608K), 9 survivors (9216K)
 Metaspace       used 9591K, committed 9792K, reserved 1064960K
  class space    used 1451K, committed 1536K, reserved 1048576K
}
Event: 69.270 GC heap after
{Heap after GC invocations=32 (full 7):
 garbage-first heap   total 160768K, used 65032K [0x00000000c0000000, 0x0000000100000000)
  region size 1024K, 8 young (8192K), 8 survivors (8192K)
 Metaspace       used 9591K, committed 9792K, reserved 1064960K
  class space    used 1451K, committed 1536K, reserved 1048576K
}
Event: 69.336 GC heap before
{Heap before GC invocations=32 (full 7):
 garbage-first heap   total 160768K, used 120328K [0x00000000c0000000, 0x0000000100000000)
  region size 1024K, 62 young (63488K), 8 survivors (8192K)
 Metaspace       used 9594K, committed 9792K, reserved 1064960K
  class space    used 1451K, committed 1536K, reserved 1048576K
}
Event: 69.346 GC heap after
{Heap after GC invocations=33 (full 7):
 garbage-first heap   total 160768K, used 71036K [0x00000000c0000000, 0x0000000100000000)
  region size 1024K, 7 young (7168K), 7 survivors (7168K)
 Metaspace       used 9594K, committed 9792K, reserved 1064960K
  class space    used 1451K, committed 1536K, reserved 1048576K
}
Event: 69.407 GC heap before
{Heap before GC invocations=33 (full 7):
 garbage-first heap   total 160768K, used 123260K [0x00000000c0000000, 0x0000000100000000)
  region size 1024K, 58 young (59392K), 7 survivors (7168K)
 Metaspace       used 9595K, committed 9792K, reserved 1064960K
  class space    used 1451K, committed 1536K, reserved 1048576K
}
Event: 69.417 GC heap after
{Heap after GC invocations=34 (full 7):
 garbage-first heap   total 321536K, used 77874K [0x00000000c0000000, 0x0000000100000000)
  region size 1024K, 7 young (7168K), 7 survivors (7168K)
 Metaspace       used 9595K, committed 9792K, reserved 1064960K
  class space    used 1451K, committed 1536K, reserved 1048576K
}
Event: 69.518 GC heap before
{Heap before GC invocations=34 (full 7):
 garbage-first heap   total 321536K, used 145458K [0x00000000c0000000, 0x0000000100000000)
  region size 1024K, 74 young (75776K), 7 survivors (7168K)
 Metaspace       used 9595K, committed 9792K, reserved 1064960K
  class space    used 1451K, committed 1536K, reserved 1048576K
}
Event: 69.551 GC heap after
{Heap after GC invocations=35 (full 8):
 garbage-first heap   total 276480K, used 79001K [0x00000000c0000000, 0x0000000100000000)
  region size 1024K, 0 young (0K), 0 survivors (0K)
 Metaspace       used 9595K, committed 9792K, reserved 1064960K
  class space    used 1451K, committed 1536K, reserved 1048576K
}

Deoptimization events (20 events):
Event: 69.647 Thread 0x000002a31010a480 Uncommon trap: trap_request=0xffffff45 fr.pc=0x000002a320424d2c relative=0x00000000000006ec
Event: 69.647 Thread 0x000002a31010a480 Uncommon trap: reason=unstable_if action=reinterpret pc=0x000002a320424d2c method=scala.collection.immutable.HashMap$HashTrieMap.get0(Ljava/lang/Object;II)Lscala/Option; @ 13 c2
Event: 69.647 Thread 0x000002a31010a480 DEOPT PACKING pc=0x000002a320424d2c sp=0x000000d2aa9e9f60
Event: 69.647 Thread 0x000002a31010a480 DEOPT UNPACKING pc=0x000002a3188c23a3 sp=0x000000d2aa9e9e78 mode 2
Event: 69.676 Thread 0x000002a31010a480 Uncommon trap: trap_request=0xffffffde fr.pc=0x000002a320483eec relative=0x000000000000134c
Event: 69.676 Thread 0x000002a31010a480 Uncommon trap: reason=class_check action=maybe_recompile pc=0x000002a320483eec method=java.util.HashMap.putVal(ILjava/lang/Object;Ljava/lang/Object;ZZ)Ljava/lang/Object; @ 91 c2
Event: 69.676 Thread 0x000002a31010a480 DEOPT PACKING pc=0x000002a320483eec sp=0x000000d2aa9e9fc0
Event: 69.676 Thread 0x000002a31010a480 DEOPT UNPACKING pc=0x000002a3188c23a3 sp=0x000000d2aa9e9ef0 mode 2
Event: 69.678 Thread 0x000002a31010a480 Uncommon trap: trap_request=0xffffff45 fr.pc=0x000002a32037d3f4 relative=0x0000000000000074
Event: 69.678 Thread 0x000002a31010a480 Uncommon trap: reason=unstable_if action=reinterpret pc=0x000002a32037d3f4 method=jdk.internal.misc.Unsafe.convEndian(ZI)I @ 4 c2
Event: 69.678 Thread 0x000002a31010a480 DEOPT PACKING pc=0x000002a32037d3f4 sp=0x000000d2aa9e79e0
Event: 69.678 Thread 0x000002a31010a480 DEOPT UNPACKING pc=0x000002a3188c23a3 sp=0x000000d2aa9e78e8 mode 2
Event: 69.678 Thread 0x000002a31010a480 Uncommon trap: trap_request=0xffffffde fr.pc=0x000002a320479500 relative=0x0000000000000420
Event: 69.678 Thread 0x000002a31010a480 Uncommon trap: reason=class_check action=maybe_recompile pc=0x000002a320479500 method=java.util.AbstractCollection.addAll(Ljava/util/Collection;)Z @ 3 c2
Event: 69.678 Thread 0x000002a31010a480 DEOPT PACKING pc=0x000002a320479500 sp=0x000000d2aa9e7970
Event: 69.678 Thread 0x000002a31010a480 DEOPT UNPACKING pc=0x000002a3188c23a3 sp=0x000000d2aa9e7928 mode 2
Event: 69.678 Thread 0x000002a31010a480 Uncommon trap: trap_request=0xffffffde fr.pc=0x000002a320479500 relative=0x0000000000000420
Event: 69.678 Thread 0x000002a31010a480 Uncommon trap: reason=class_check action=maybe_recompile pc=0x000002a320479500 method=java.util.AbstractCollection.addAll(Ljava/util/Collection;)Z @ 3 c2
Event: 69.678 Thread 0x000002a31010a480 DEOPT PACKING pc=0x000002a320479500 sp=0x000000d2aa9e79e0
Event: 69.678 Thread 0x000002a31010a480 DEOPT UNPACKING pc=0x000002a3188c23a3 sp=0x000000d2aa9e7998 mode 2

Classes unloaded (0 events):
No events

Classes redefined (0 events):
No events

Internal exceptions (20 events):
Event: 67.692 Thread 0x000002a31010a480 Exception <a 'java/lang/NoSuchMethodError'{0x00000000c187d1b8}: 'java.lang.Object java.lang.invoke.DirectMethodHandle$Holder.newInvokeSpecial(java.lang.Object, java.lang.Object, java.lang.Object, java.lang.Object, java.lang.Object)'> (0x00000000c187d1b8) 
thrown [s\open\src\hotspot\share\interpreter\linkResolver.cpp, line 759]
Event: 67.722 Thread 0x000002a31010a480 Exception <a 'java/lang/NoSuchMethodError'{0x00000000c1624768}: 'java.lang.Object java.lang.invoke.DirectMethodHandle$Holder.invokeStatic(java.lang.Object, java.lang.Object, int, java.lang.Object, java.lang.Object)'> (0x00000000c1624768) 
thrown [s\open\src\hotspot\share\interpreter\linkResolver.cpp, line 759]
Event: 67.723 Thread 0x000002a31010a480 Exception <a 'java/lang/NoSuchMethodError'{0x00000000c162edf0}: 'java.lang.Object java.lang.invoke.DirectMethodHandle$Holder.newInvokeSpecial(java.lang.Object, java.lang.Object, int, java.lang.Object)'> (0x00000000c162edf0) 
thrown [s\open\src\hotspot\share\interpreter\linkResolver.cpp, line 759]
Event: 67.723 Thread 0x000002a31010a480 Exception <a 'java/lang/NoSuchMethodError'{0x00000000c1632f28}: 'java.lang.Object java.lang.invoke.DirectMethodHandle$Holder.invokeSpecial(java.lang.Object, java.lang.Object, java.lang.Object, int, java.lang.Object)'> (0x00000000c1632f28) 
thrown [s\open\src\hotspot\share\interpreter\linkResolver.cpp, line 759]
Event: 67.736 Thread 0x000002a31010a480 Exception <a 'java/lang/NoSuchMethodError'{0x00000000c16feeb0}: 'java.lang.Object java.lang.invoke.DirectMethodHandle$Holder.invokeStaticInit(java.lang.Object, java.lang.Object, java.lang.Object, java.lang.Object)'> (0x00000000c16feeb0) 
thrown [s\open\src\hotspot\share\interpreter\linkResolver.cpp, line 759]
Event: 67.744 Thread 0x000002a31010a480 Exception <a 'java/lang/NoSuchMethodError'{0x00000000c1562b08}: 'void java.lang.invoke.DirectMethodHandle$Holder.invokeStatic(java.lang.Object, java.lang.Object)'> (0x00000000c1562b08) 
thrown [s\open\src\hotspot\share\interpreter\linkResolver.cpp, line 759]
Event: 67.888 Thread 0x000002a31010a480 Exception <a 'java/lang/NoSuchMethodError'{0x00000000d10cb918}: 'java.lang.Object java.lang.invoke.DirectMethodHandle$Holder.invokeStatic(java.lang.Object, java.lang.Object, int, java.lang.Object)'> (0x00000000d10cb918) 
thrown [s\open\src\hotspot\share\interpreter\linkResolver.cpp, line 759]
Event: 67.888 Thread 0x000002a31010a480 Exception <a 'java/lang/NoSuchMethodError'{0x00000000d10d4568}: 'java.lang.Object java.lang.invoke.DirectMethodHandle$Holder.newInvokeSpecial(java.lang.Object, java.lang.Object, int)'> (0x00000000d10d4568) 
thrown [s\open\src\hotspot\share\interpreter\linkResolver.cpp, line 759]
Event: 67.895 Thread 0x000002a31010a480 Exception <a 'java/lang/NoSuchMethodError'{0x00000000d10f9df8}: 'java.lang.Object java.lang.invoke.DirectMethodHandle$Holder.invokeStatic(java.lang.Object, int, java.lang.Object)'> (0x00000000d10f9df8) 
thrown [s\open\src\hotspot\share\interpreter\linkResolver.cpp, line 759]
Event: 68.456 Thread 0x000002a31010a480 Exception <a 'java/lang/NoSuchMethodError'{0x00000000c3c999a0}: 'java.lang.Object java.lang.invoke.DirectMethodHandle$Holder.newInvokeSpecial(java.lang.Object, java.lang.Object, java.lang.Object, java.lang.Object, java.lang.Object, int)'> (0x00000000c3c999a0) 
thrown [s\open\src\hotspot\share\interpreter\linkResolver.cpp, line 759]
Event: 68.456 Thread 0x000002a31010a480 Exception <a 'java/lang/NoSuchMethodError'{0x00000000c3c9e008}: 'java.lang.Object java.lang.invoke.DirectMethodHandle$Holder.invokeSpecial(java.lang.Object, java.lang.Object, java.lang.Object, java.lang.Object, java.lang.Object, java.lang.Object, int)'> (0x00000000c3c9e008) 
thrown [s\open\src\hotspot\share\interpreter\linkResolver.cpp, line 759]
Event: 68.478 Thread 0x000002a31010a480 Exception <a 'java/lang/NoSuchMethodError'{0x00000000c3b54ca0}: 'java.lang.Object java.lang.invoke.DirectMethodHandle$Holder.newInvokeSpecial(java.lang.Object, java.lang.Object, java.lang.Object, java.lang.Object, int, java.lang.Object)'> (0x00000000c3b54ca0) 
thrown [s\open\src\hotspot\share\interpreter\linkResolver.cpp, line 759]
Event: 68.478 Thread 0x000002a31010a480 Exception <a 'java/lang/NoSuchMethodError'{0x00000000c3b58f78}: 'java.lang.Object java.lang.invoke.DirectMethodHandle$Holder.invokeSpecial(java.lang.Object, java.lang.Object, java.lang.Object, java.lang.Object, java.lang.Object, int, java.lang.Object)'> (0x00000000c3b58f78) 
thrown [s\open\src\hotspot\share\interpreter\linkResolver.cpp, line 759]
Event: 68.600 Thread 0x000002a31010a480 Exception <a 'java/lang/NoSuchMethodError'{0x00000000c60ef3c8}: 'java.lang.Object java.lang.invoke.DirectMethodHandle$Holder.invokeStaticInit(java.lang.Object, java.lang.Object, java.lang.Object, java.lang.Object, java.lang.Object)'> (0x00000000c60ef3c8) 
thrown [s\open\src\hotspot\share\interpreter\linkResolver.cpp, line 759]
Event: 68.601 Thread 0x000002a31010a480 Exception <a 'java/lang/NoSuchMethodError'{0x00000000c60f62c0}: 'java.lang.Object java.lang.invoke.Invokers$Holder.invoke_MT(java.lang.Object, java.lang.Object, java.lang.Object, java.lang.Object, java.lang.Object, java.lang.Object)'> (0x00000000c60f62c0) 
thrown [s\open\src\hotspot\share\interpreter\linkResolver.cpp, line 759]
Event: 68.602 Thread 0x000002a31010a480 Exception <a 'java/lang/NoSuchMethodError'{0x00000000c5f038b8}: 'java.lang.Object java.lang.invoke.Invokers$Holder.invoker(java.lang.Object, java.lang.Object, java.lang.Object)'> (0x00000000c5f038b8) 
thrown [s\open\src\hotspot\share\interpreter\linkResolver.cpp, line 759]
Event: 68.603 Thread 0x000002a31010a480 Exception <a 'java/lang/NoSuchMethodError'{0x00000000c5f0bfd8}: 'java.lang.Object java.lang.invoke.DirectMethodHandle$Holder.invokeStatic(java.lang.Object, java.lang.Object, int)'> (0x00000000c5f0bfd8) 
thrown [s\open\src\hotspot\share\interpreter\linkResolver.cpp, line 759]
Event: 68.603 Thread 0x000002a31010a480 Exception <a 'java/lang/NoSuchMethodError'{0x00000000c5f16ef0}: 'void java.lang.invoke.DelegatingMethodHandle$Holder.delegate(java.lang.Object, java.lang.Object, int, java.lang.Object)'> (0x00000000c5f16ef0) 
thrown [s\open\src\hotspot\share\interpreter\linkResolver.cpp, line 759]
Event: 68.603 Thread 0x000002a31010a480 Exception <a 'java/lang/NoSuchMethodError'{0x00000000c5f1b5c0}: 'int java.lang.invoke.DirectMethodHandle$Holder.invokeSpecial(java.lang.Object, java.lang.Object, java.lang.Object)'> (0x00000000c5f1b5c0) 
thrown [s\open\src\hotspot\share\interpreter\linkResolver.cpp, line 759]
Event: 68.604 Thread 0x000002a31010a480 Exception <a 'java/lang/NoSuchMethodError'{0x00000000c5f239f8}: 'java.lang.Object java.lang.invoke.Invokers$Holder.invokeExact_MT(java.lang.Object, java.lang.Object, java.lang.Object, java.lang.Object)'> (0x00000000c5f239f8) 
thrown [s\open\src\hotspot\share\interpreter\linkResolver.cpp, line 759]

VM Operations (20 events):
Event: 68.757 Executing VM operation: G1CollectForAllocation
Event: 68.766 Executing VM operation: G1CollectForAllocation done
Event: 68.854 Executing VM operation: G1CollectForAllocation
Event: 68.856 Executing VM operation: G1CollectForAllocation done
Event: 68.870 Executing VM operation: G1Concurrent
Event: 68.872 Executing VM operation: G1Concurrent done
Event: 68.877 Executing VM operation: G1CollectFull
Event: 68.896 Executing VM operation: G1CollectFull done
Event: 69.028 Executing VM operation: G1CollectFull
Event: 69.055 Executing VM operation: G1CollectFull done
Event: 69.142 Executing VM operation: G1CollectForAllocation
Event: 69.151 Executing VM operation: G1CollectForAllocation done
Event: 69.256 Executing VM operation: G1CollectForAllocation
Event: 69.270 Executing VM operation: G1CollectForAllocation done
Event: 69.336 Executing VM operation: G1CollectForAllocation
Event: 69.346 Executing VM operation: G1CollectForAllocation done
Event: 69.407 Executing VM operation: G1CollectForAllocation
Event: 69.417 Executing VM operation: G1CollectForAllocation done
Event: 69.518 Executing VM operation: G1CollectFull
Event: 69.551 Executing VM operation: G1CollectFull done

Events (20 events):
Event: 68.602 loading class java/lang/invoke/DirectMethodHandle$EnsureInitialized done
Event: 68.602 loading class java/lang/invoke/DirectMethodHandle$1
Event: 68.602 loading class java/lang/invoke/DirectMethodHandle$1 done
Event: 68.605 loading class java/util/concurrent/locks/ReentrantReadWriteLock
Event: 68.605 loading class java/util/concurrent/locks/ReadWriteLock
Event: 68.605 loading class java/util/concurrent/locks/ReadWriteLock done
Event: 68.605 loading class java/util/concurrent/locks/ReentrantReadWriteLock done
Event: 68.605 loading class java/util/concurrent/locks/ReentrantReadWriteLock$NonfairSync
Event: 68.605 loading class java/util/concurrent/locks/ReentrantReadWriteLock$Sync
Event: 68.606 loading class java/util/concurrent/locks/ReentrantReadWriteLock$Sync done
Event: 68.606 loading class java/util/concurrent/locks/ReentrantReadWriteLock$NonfairSync done
Event: 68.606 loading class java/util/concurrent/locks/ReentrantReadWriteLock$Sync$ThreadLocalHoldCounter
Event: 68.606 loading class java/util/concurrent/locks/ReentrantReadWriteLock$Sync$ThreadLocalHoldCounter done
Event: 68.606 loading class java/util/concurrent/locks/ReentrantReadWriteLock$ReadLock
Event: 68.606 loading class java/util/concurrent/locks/ReentrantReadWriteLock$ReadLock done
Event: 68.606 loading class java/util/concurrent/locks/ReentrantReadWriteLock$WriteLock
Event: 68.606 loading class java/util/concurrent/locks/ReentrantReadWriteLock$WriteLock done
Event: 69.511 Thread 0x000002a37eb639d0 Thread exited: 0x000002a37eb639d0
Event: 69.678 loading class java/lang/SafeVarargs
Event: 69.678 loading class java/lang/SafeVarargs done


Dynamic libraries:
0x00007ff725f80000 - 0x00007ff725f9b000 	c:\Users\admin\anaconda3\python.exe
0x00007ffc57830000 - 0x00007ffc57a27000 	C:\WINDOWS\SYSTEM32\ntdll.dll
0x00007ffc575e0000 - 0x00007ffc5769d000 	C:\WINDOWS\System32\KERNEL32.DLL
0x00007ffc54f80000 - 0x00007ffc55276000 	C:\WINDOWS\System32\KERNELBASE.dll
0x00007ffc55300000 - 0x00007ffc55400000 	C:\WINDOWS\System32\ucrtbase.dll
0x00007ffc4a030000 - 0x00007ffc4a049000 	c:\Users\admin\anaconda3\VCRUNTIME140.dll
0x00007ffbdd800000 - 0x00007ffbddc9c000 	c:\Users\admin\anaconda3\python310.dll
0x00007ffc56820000 - 0x00007ffc5688b000 	C:\WINDOWS\System32\WS2_32.dll
0x00007ffc55fb0000 - 0x00007ffc560d6000 	C:\WINDOWS\System32\RPCRT4.dll
0x00007ffc55e30000 - 0x00007ffc55ede000 	C:\WINDOWS\System32\ADVAPI32.dll
0x00007ffc57750000 - 0x00007ffc577ee000 	C:\WINDOWS\System32\msvcrt.dll
0x00007ffc4d100000 - 0x00007ffc4d10a000 	C:\WINDOWS\SYSTEM32\VERSION.dll
0x00007ffc56720000 - 0x00007ffc567bc000 	C:\WINDOWS\System32\sechost.dll
0x00007ffc49ca0000 - 0x00007ffc49cba000 	c:\Users\admin\anaconda3\zlib.dll
0x00007ffc547d0000 - 0x00007ffc547e8000 	C:\WINDOWS\SYSTEM32\CRYPTSP.dll
0x00007ffc53ef0000 - 0x00007ffc53f24000 	C:\WINDOWS\system32\rsaenh.dll
0x00007ffc552d0000 - 0x00007ffc552f7000 	C:\WINDOWS\System32\bcrypt.dll
0x00007ffc547f0000 - 0x00007ffc547fc000 	C:\WINDOWS\SYSTEM32\CRYPTBASE.dll
0x00007ffc55800000 - 0x00007ffc55882000 	C:\WINDOWS\System32\bcryptPrimitives.dll
0x000002a347dd0000 - 0x000002a347ddf000 	c:\Users\admin\anaconda3\python3.DLL
0x00007ffc49630000 - 0x00007ffc49646000 	c:\Users\admin\anaconda3\DLLs\_socket.pyd
0x00007ffc542d0000 - 0x00007ffc5430b000 	C:\WINDOWS\SYSTEM32\IPHLPAPI.DLL
0x00007ffc49620000 - 0x00007ffc49629000 	c:\Users\admin\anaconda3\DLLs\select.pyd
0x00007ffc495f0000 - 0x00007ffc49618000 	c:\Users\admin\anaconda3\DLLs\_ssl.pyd
0x00007ffc556a0000 - 0x00007ffc557fd000 	C:\WINDOWS\System32\CRYPT32.dll
0x00007ffc3cb00000 - 0x00007ffc3cbad000 	c:\Users\admin\anaconda3\Library\bin\libssl-1_1-x64.dll
0x00007ffbdcb20000 - 0x00007ffbdce6e000 	c:\Users\admin\anaconda3\Library\bin\libcrypto-1_1-x64.dll
0x00007ffc56ac0000 - 0x00007ffc56c5e000 	C:\WINDOWS\System32\USER32.dll
0x00007ffc55400000 - 0x00007ffc55422000 	C:\WINDOWS\System32\win32u.dll
0x00007ffc56a90000 - 0x00007ffc56abc000 	C:\WINDOWS\System32\GDI32.dll
0x00007ffc55430000 - 0x00007ffc5554a000 	C:\WINDOWS\System32\gdi32full.dll
0x00007ffc55550000 - 0x00007ffc555ed000 	C:\WINDOWS\System32\msvcp_win.dll
0x00007ffc56c60000 - 0x00007ffc56c90000 	C:\WINDOWS\System32\IMM32.DLL
0x00007ffc43750000 - 0x00007ffc43761000 	c:\Users\admin\anaconda3\DLLs\_asyncio.pyd
0x00007ffc48040000 - 0x00007ffc4804e000 	c:\Users\admin\anaconda3\DLLs\_overlapped.pyd
0x00007ffc545e0000 - 0x00007ffc5464a000 	C:\WINDOWS\system32\mswsock.dll
0x00007ffc4a2c0000 - 0x00007ffc4a2ca000 	c:\Users\admin\anaconda3\DLLs\_bz2.pyd
0x00007ffc3cac0000 - 0x00007ffc3caf2000 	c:\Users\admin\anaconda3\Library\bin\LIBBZ2.dll
0x00007ffc48d20000 - 0x00007ffc48d2d000 	c:\Users\admin\anaconda3\DLLs\_lzma.pyd
0x00007ffc3ca90000 - 0x00007ffc3caba000 	c:\Users\admin\anaconda3\Library\bin\liblzma.dll
0x00007ffc48050000 - 0x00007ffc48059000 	c:\Users\admin\anaconda3\DLLs\_queue.pyd
0x00007ffc4a9d0000 - 0x00007ffc4a9df000 	c:\Users\admin\anaconda3\lib\site-packages\zmq\backend\cython\_device.cp310-win_amd64.pyd
0x00007ffc3cc50000 - 0x00007ffc3ccc7000 	c:\Users\admin\anaconda3\Library\bin\libzmq-mt-4_3_4.dll
0x00007ffc3cbb0000 - 0x00007ffc3cc41000 	c:\Users\admin\anaconda3\MSVCP140.dll
0x00007ffc4a980000 - 0x00007ffc4a9cf000 	c:\Users\admin\anaconda3\Library\bin\libsodium.dll
0x00007ffc4a970000 - 0x00007ffc4a97c000 	c:\Users\admin\anaconda3\VCRUNTIME140_1.dll
0x00007ffc486b0000 - 0x00007ffc486c1000 	c:\Users\admin\anaconda3\lib\site-packages\zmq\backend\cython\context.cp310-win_amd64.pyd
0x00007ffc48140000 - 0x00007ffc48160000 	c:\Users\admin\anaconda3\lib\site-packages\zmq\backend\cython\socket.cp310-win_amd64.pyd
0x00007ffc47da0000 - 0x00007ffc47db5000 	c:\Users\admin\anaconda3\lib\site-packages\zmq\backend\cython\message.cp310-win_amd64.pyd
0x00007ffc47d80000 - 0x00007ffc47d91000 	c:\Users\admin\anaconda3\lib\site-packages\zmq\backend\cython\_poll.cp310-win_amd64.pyd
0x00007ffc4a960000 - 0x00007ffc4a96e000 	c:\Users\admin\anaconda3\lib\site-packages\zmq\backend\cython\_proxy_steerable.cp310-win_amd64.pyd
0x00007ffc495d0000 - 0x00007ffc495da000 	c:\Users\admin\anaconda3\lib\site-packages\zmq\backend\cython\_version.cp310-win_amd64.pyd
0x00007ffc486a0000 - 0x00007ffc486aa000 	c:\Users\admin\anaconda3\lib\site-packages\zmq\backend\cython\error.cp310-win_amd64.pyd
0x00007ffc47f90000 - 0x00007ffc47f9e000 	c:\Users\admin\anaconda3\lib\site-packages\zmq\backend\cython\utils.cp310-win_amd64.pyd
0x00007ffc47890000 - 0x00007ffc478a0000 	c:\Users\admin\anaconda3\DLLs\_hashlib.pyd
0x00007ffc47720000 - 0x00007ffc47727000 	c:\Users\admin\anaconda3\lib\site-packages\tornado\speedups.cp310-win_amd64.pyd
0x00007ffc48120000 - 0x00007ffc48140000 	c:\Users\admin\anaconda3\DLLs\_ctypes.pyd
0x00007ffc56c90000 - 0x00007ffc56dbb000 	C:\WINDOWS\System32\ole32.dll
0x00007ffc560e0000 - 0x00007ffc56434000 	C:\WINDOWS\System32\combase.dll
0x00007ffc558f0000 - 0x00007ffc559bd000 	C:\WINDOWS\System32\OLEAUT32.dll
0x00007ffc48690000 - 0x00007ffc4869c000 	c:\Users\admin\anaconda3\Library\bin\ffi.dll
0x00007ffc321d0000 - 0x00007ffc32212000 	c:\Users\admin\anaconda3\DLLs\_decimal.pyd
0x00007ffc484a0000 - 0x00007ffc484a7000 	c:\Users\admin\anaconda3\DLLs\_uuid.pyd
0x00007ffc56e90000 - 0x00007ffc575d4000 	C:\WINDOWS\System32\shell32.DLL
0x00007ffc3cf50000 - 0x00007ffc3cf67000 	c:\Users\admin\anaconda3\DLLs\_sqlite3.pyd
0x00007ffc31e40000 - 0x00007ffc31fac000 	c:\Users\admin\anaconda3\Library\bin\sqlite3.dll
0x00007ffc31a00000 - 0x00007ffc31b13000 	c:\Users\admin\anaconda3\DLLs\unicodedata.pyd
0x00007ffc3be50000 - 0x00007ffc3be64000 	c:\Users\admin\anaconda3\lib\site-packages\psutil\_psutil_windows.cp310-win_amd64.pyd
0x00007ffc55ee0000 - 0x00007ffc55ee8000 	C:\WINDOWS\System32\PSAPI.DLL
0x00007ffc54cc0000 - 0x00007ffc54d0b000 	C:\WINDOWS\SYSTEM32\POWRPROF.dll
0x00007ffc41e20000 - 0x00007ffc41e69000 	C:\WINDOWS\SYSTEM32\pdh.dll
0x00007ffc54c70000 - 0x00007ffc54c82000 	C:\WINDOWS\SYSTEM32\UMPDC.dll
0x00007ffc50bc0000 - 0x00007ffc50bd4000 	C:\WINDOWS\SYSTEM32\wtsapi32.dll
0x00007ffc378f0000 - 0x00007ffc37922000 	c:\Users\admin\anaconda3\DLLs\pyexpat.pyd
0x00007ffc31c20000 - 0x00007ffc31c44000 	c:\Users\admin\anaconda3\lib\site-packages\win32\win32api.pyd
0x00007ffc319d0000 - 0x00007ffc319f4000 	c:\Users\admin\anaconda3\lib\site-packages\win32\pywintypes310.dll
0x00007ffc471a0000 - 0x00007ffc471ac000 	C:\WINDOWS\SYSTEM32\secur32.dll
0x00007ffc54dc0000 - 0x00007ffc54df2000 	C:\WINDOWS\SYSTEM32\SSPICLI.DLL
0x00007ffc47260000 - 0x00007ffc47267000 	c:\Users\admin\anaconda3\lib\site-packages\win32\_win32sysloader.pyd
0x00007ffc31920000 - 0x00007ffc319cf000 	c:\Users\admin\anaconda3\lib\site-packages\win32\pythoncom310.dll
0x00007ffc52dd0000 - 0x00007ffc52de2000 	C:\WINDOWS\SYSTEM32\kernel.appcore.dll
0x00007ffc52900000 - 0x00007ffc5299e000 	C:\WINDOWS\system32\uxtheme.dll
0x00007ffc48b30000 - 0x00007ffc48d1d000 	C:\WINDOWS\SYSTEM32\urlmon.dll
0x00007ffc48e60000 - 0x00007ffc4911c000 	C:\WINDOWS\SYSTEM32\iertutil.dll
0x00007ffc48b00000 - 0x00007ffc48b29000 	C:\WINDOWS\SYSTEM32\srvcli.dll
0x00007ffc56dc0000 - 0x00007ffc56e6d000 	C:\WINDOWS\System32\shcore.dll
0x00007ffc543e0000 - 0x00007ffc543ec000 	C:\WINDOWS\SYSTEM32\netutils.dll
0x00007ffc31800000 - 0x00007ffc3185b000 	c:\Users\admin\anaconda3\lib\site-packages\debugpy\_vendored\pydevd\_pydevd_bundle\pydevd_cython.cp310-win_amd64.pyd
0x00007ffc391d0000 - 0x00007ffc391d7000 	C:\WINDOWS\system32\wshunix.dll
0x00007ffc56710000 - 0x00007ffc56718000 	C:\WINDOWS\System32\NSI.dll
0x00007ffc4e890000 - 0x00007ffc4e8a7000 	C:\WINDOWS\SYSTEM32\dhcpcsvc6.DLL
0x00007ffc4f3d0000 - 0x00007ffc4f3ed000 	C:\WINDOWS\SYSTEM32\dhcpcsvc.DLL
0x00007ffc54310000 - 0x00007ffc543da000 	C:\WINDOWS\SYSTEM32\DNSAPI.dll
0x00007ffc317d0000 - 0x00007ffc317f6000 	c:\Users\admin\anaconda3\lib\site-packages\win32\win32security.pyd
0x00007ffc44090000 - 0x00007ffc440a9000 	C:\WINDOWS\SYSTEM32\NETAPI32.dll
0x000002a34c910000 - 0x000002a34c913000 	C:\WINDOWS\SYSTEM32\security.dll
0x00007ffc31340000 - 0x00007ffc3136a000 	C:\WINDOWS\SYSTEM32\ntdsapi.dll
0x00007ffc543f0000 - 0x00007ffc54434000 	C:\WINDOWS\SYSTEM32\LOGONCLI.DLL
0x00007ffc457a0000 - 0x00007ffc457a9000 	c:\Users\admin\anaconda3\lib\site-packages\sklearn\__check_build\_check_build.cp310-win_amd64.pyd
0x00007ffbe8040000 - 0x00007ffbe8318000 	c:\Users\admin\anaconda3\lib\site-packages\numpy\core\_multiarray_umath.cp310-win_amd64.pyd
0x00007ffbdaa60000 - 0x00007ffbdcb16000 	c:\Users\admin\anaconda3\lib\site-packages\numpy.libs\libopenblas64__v0.3.23-293-gc2f4bdbb-gcc_10_3_0-2bde3a66a51006b2b53eb373ff767a3f.dll
0x00007ffc3ae10000 - 0x00007ffc3ae24000 	c:\Users\admin\anaconda3\lib\site-packages\numpy\core\_multiarray_tests.cp310-win_amd64.pyd
0x00007ffc37950000 - 0x00007ffc3796d000 	c:\Users\admin\anaconda3\lib\site-packages\numpy\linalg\_umath_linalg.cp310-win_amd64.pyd
0x00007ffc31320000 - 0x00007ffc3133e000 	c:\Users\admin\anaconda3\lib\site-packages\numpy\fft\_pocketfft_internal.cp310-win_amd64.pyd
0x00007ffc30e40000 - 0x00007ffc30ed7000 	c:\Users\admin\anaconda3\lib\site-packages\numpy\random\mtrand.cp310-win_amd64.pyd
0x00007ffc30910000 - 0x00007ffc3093c000 	c:\Users\admin\anaconda3\lib\site-packages\numpy\random\bit_generator.cp310-win_amd64.pyd
0x00007ffc308e0000 - 0x00007ffc3090f000 	c:\Users\admin\anaconda3\lib\site-packages\numpy\random\_common.cp310-win_amd64.pyd
0x00007ffc2fe80000 - 0x00007ffc2fec4000 	c:\Users\admin\anaconda3\lib\site-packages\numpy\random\_bounded_integers.cp310-win_amd64.pyd
0x00007ffc31300000 - 0x00007ffc31316000 	c:\Users\admin\anaconda3\lib\site-packages\numpy\random\_mt19937.cp310-win_amd64.pyd
0x00007ffc30720000 - 0x00007ffc30735000 	c:\Users\admin\anaconda3\lib\site-packages\numpy\random\_philox.cp310-win_amd64.pyd
0x00007ffc2fe60000 - 0x00007ffc2fe79000 	c:\Users\admin\anaconda3\lib\site-packages\numpy\random\_pcg64.cp310-win_amd64.pyd
0x00007ffc412d0000 - 0x00007ffc412e0000 	c:\Users\admin\anaconda3\lib\site-packages\numpy\random\_sfc64.cp310-win_amd64.pyd
0x00007ffc2d390000 - 0x00007ffc2d440000 	c:\Users\admin\anaconda3\lib\site-packages\numpy\random\_generator.cp310-win_amd64.pyd
0x00007ffc2d370000 - 0x00007ffc2d387000 	c:\Users\admin\anaconda3\lib\site-packages\scipy\_lib\_ccallback_c.cp310-win_amd64.pyd
0x00007ffbdf4d0000 - 0x00007ffbdf8dc000 	c:\Users\admin\anaconda3\lib\site-packages\scipy\sparse\_sparsetools.cp310-win_amd64.pyd
0x00007ffc2cfa0000 - 0x00007ffc2d033000 	c:\Users\admin\anaconda3\lib\site-packages\scipy\sparse\_csparsetools.cp310-win_amd64.pyd
0x00007ffc1d920000 - 0x00007ffc1d968000 	c:\Users\admin\anaconda3\lib\site-packages\scipy\sparse\linalg\_isolve\_iterative.cp310-win_amd64.pyd
0x00007ffbd5590000 - 0x00007ffbd744d000 	c:\Users\admin\anaconda3\lib\site-packages\scipy.libs\libopenblas_v0.3.20-571-g3dec11c6-gcc_10_3_0-c2315440d6b6cef5037bad648efc8c59.dll
0x00007ffbf5470000 - 0x00007ffbf5515000 	c:\Users\admin\anaconda3\lib\site-packages\scipy\linalg\_fblas.cp310-win_amd64.pyd
0x00007ffbe4120000 - 0x00007ffbe433f000 	c:\Users\admin\anaconda3\lib\site-packages\scipy\linalg\_flapack.cp310-win_amd64.pyd
0x00007ffbf5550000 - 0x00007ffbf55c6000 	c:\Users\admin\anaconda3\lib\site-packages\scipy\linalg\_cythonized_array_utils.cp310-win_amd64.pyd
0x00007ffbf5370000 - 0x00007ffbf53f3000 	c:\Users\admin\anaconda3\lib\site-packages\scipy\linalg\cython_lapack.cp310-win_amd64.pyd
0x00007ffbf6170000 - 0x00007ffbf61b3000 	c:\Users\admin\anaconda3\lib\site-packages\scipy\linalg\_solve_toeplitz.cp310-win_amd64.pyd
0x00007ffc1c4a0000 - 0x00007ffc1c4df000 	c:\Users\admin\anaconda3\lib\site-packages\scipy\linalg\_decomp_lu_cython.cp310-win_amd64.pyd
0x00007ffbf5dd0000 - 0x00007ffbf5e0e000 	c:\Users\admin\anaconda3\lib\site-packages\scipy\linalg\_matfuncs_sqrtm_triu.cp310-win_amd64.pyd
0x00007ffbf5300000 - 0x00007ffbf5367000 	c:\Users\admin\anaconda3\lib\site-packages\scipy\linalg\_matfuncs_expm.cp310-win_amd64.pyd
0x00007ffbf52b0000 - 0x00007ffbf52f3000 	c:\Users\admin\anaconda3\lib\site-packages\scipy\linalg\cython_blas.cp310-win_amd64.pyd
0x00007ffbf48a0000 - 0x00007ffbf48f2000 	c:\Users\admin\anaconda3\lib\site-packages\scipy\linalg\_decomp_update.cp310-win_amd64.pyd

dbghelp: loaded successfully - version: 4.0.5 - missing functions: none
symbol engine: initialized successfully - sym options: 0x614 - pdb path: .;c:\Users\admin\anaconda3;C:\WINDOWS\SYSTEM32;c:\Users\admin\anaconda3\DLLs;c:\Users\admin\anaconda3\Library\bin;c:\Users\admin\anaconda3\lib\site-packages\zmq\backend\cython;c:\Users\admin\anaconda3\lib\site-packages\tornado;c:\Users\admin\anaconda3\lib\site-packages\psutil;c:\Users\admin\anaconda3\lib\site-packages\win32;c:\Users\admin\anaconda3\lib\site-packages\debugpy\_vendored\pydevd\_pydevd_bundle;c:\Users\admin\anaconda3\lib\site-packages\sklearn\__check_build;c:\Users\admin\anaconda3\lib\site-packages\numpy\core;c:\Users\admin\anaconda3\lib\site-packages\numpy.libs;c:\Users\admin\anaconda3\lib\site-packages\numpy\linalg;c:\Users\admin\anaconda3\lib\site-packages\numpy\fft;c:\Users\admin\anaconda3\lib\site-packages\numpy\random;c:\Users\admin\anaconda3\lib\site-packages\scipy\_lib;c:\Users\admin\anaconda3\lib\site-packages\scipy\sparse;c:\Users\admin\anaconda3\lib\site-packages\scipy\sparse\linalg\_isolve;c:\Users\admin\anaconda3\lib\site-packages\scipy.libs;c:\Users\admin\anaconda3\lib\site-packages\scipy\linalg;c:\Users\admin\anaconda3\lib\site-packages\scipy\sparse\linalg\_dsolve;c:\Users\admin\anaconda3\lib\site-packages\scipy\sparse\linalg\_eigen\arpack;c:\Users\admin\anaconda3\lib\site-packages\scipy\sparse\csgraph;c:\Users\admin\anaconda3\lib\site-packages\sklearn\utils;c:\Users\admin\anaconda3\lib\site-packages\lz4;c:\Users\admin\anaconda3\lib\site-packages\lz4\frame;c:\Users\admin\anaconda3\lib\site-packages\scipy\spatial;c:\Users\admin\anaconda3\lib\site-packages\scipy\special;c:\Users\admin\anaconda3\lib\site-packages\scipy\spatial\transform;c:\Users\admin\anaconda3\lib\site-packages\scipy\ndimage;c:\Users\admin\anaconda3\lib\site-packages\scipy\optimize;c:\Users\admin\anaconda3\lib\site-packages\scipy\optimize\_trlib;c:\Users\admin\anaconda3\lib\site-packages\scipy\optimize\_lsq;c:\Users\admin\anaconda3\lib\site-packages\scipy\optimize\_highs;c:\Users\admin\anaconda3\lib\site-packages\scipy\integrate;c:\Users\admin\anaconda3\lib\site-packages\scipy\stats;c:\Users\admin\anaconda3\lib\site-packages\scipy\stats\_boost;c:\Users\admin\anaconda3\lib\site-packages\scipy\interpolate;c:\Users\admin\anaconda3\lib\site-packages\scipy\stats\_levy_stable;c:\Users\admin\anaconda3\lib\site-packages\scipy\_lib\_uarray;c:\Users\admin\anaconda3\lib\site-packages\scipy\fft\_pocketfft;c:\Users\admin\anaconda3\lib\site-packages\scipy\stats\_rcont;c:\Users\admin\anaconda3\lib\site-packages\sklearn\preprocessing;c:\Users\admin\anaconda3\lib\site-packages\sklearn\feature_extraction;c:\Users\admin\anaconda3\lib\site-packages\sklearn\datasets;c:\Users\admin\anaconda3\lib\site-packages\scipy\io\matlab;c:\Users\admin\anaconda3\lib\site-packages\sklearn\decomposition;c:\Users\admin\anaconda3\lib\site-packages\sklearn\metrics;c:\Users\admin\anaconda3\lib\site-packages\sklearn\metrics\cluster;c:\Users\admin\anaconda3\lib\site-packages\sklearn\metrics\_pairwise_distances_reduction;c:\Users\admin\anaconda3\lib\site-packages\sklearn\linear_model;c:\Users\admin\anaconda3\lib\site-packages\sklearn\_loss;c:\Users\admin\anaconda3\lib\site-packages\sklearn\svm;c:\Users\admin\anaconda3\lib\site-packages\pyarrow;C:\Users\admin\AppData\Roaming\Python\Python310\site-packages\pandas\_libs;C:\Users\admin\AppData\Roaming\Python\Python310\site-packages\pandas\_libs\tslibs;c:\Users\admin\anaconda3\lib\site-packages\numexpr;c:\Users\admin\anaconda3\lib\site-packages\bottleneck;C:\Users\admin\AppData\Roaming\Python\Python310\site-packages\pandas\_libs\window;C:\Users\admin\AppData\Roaming\Python\Python310\site-packages\pandas.libs;C:\Users\admin\AppData\Roaming\Python\Python310\site-packages\matplotlib;C:\Users\admin\AppData\Roaming\Python\Python310\site-packages\PIL;C:\Users\admin\AppData\Roaming\Python\Python310\site-packages\kiwisolver;C:\Users\admin\AppData\Roaming\Python\Python310\site-packages\matplotlib\backends;c:\Users\admin\anaconda3\lib\site-packages\brotli;C:\Users\admin\AppData\Roaming\Python\Python310\site-packages;c:\Users\admin\anaconda3\lib\site-packages\gensim;c:\Users\admin\anaconda3\lib\site-packages\gensim\corpora;c:\Users\admin\anaconda3\lib\site-packages\gensim\models;c:\Users\admin\anaconda3\lib\site-packages\gensim\similarities;C:\WINDOWS\WinSxS\amd64_microsoft.windows.common-controls_6595b64144ccf1df_6.0.19041.3570_none_60bb2a3971f3e41a;c:\Users\admin\anaconda3\lib\site-packages\regex;c:\Users\admin\anaconda3\lib\site-packages;c:\Users\admin\anaconda3\lib\site-packages\zstandard;C:\Program Files\Java\jdk-17.0.4.1\bin\server;C:\Program Files\Java\jdk-17.0.4.1\bin

VM Arguments:
jvm_args: -Dfile.encoding=UTF8 -ea -Xmx1024m 
java_command: <unknown>
java_class_path (initial): C:\Users\admin\anaconda3\Lib\site-packages\konlpy\java;C:\Users\admin\anaconda3\Lib\site-packages\konlpy\java\bin;C:\Users\admin\anaconda3\Lib\site-packages\konlpy\java\aho-corasick.jar;C:\Users\admin\anaconda3\Lib\site-packages\konlpy\java\jhannanum-0.8.4.jar;C:\Users\admin\anaconda3\Lib\site-packages\konlpy\java\kkma-2.0.jar;C:\Users\admin\anaconda3\Lib\site-packages\konlpy\java\komoran-3.0.jar;C:\Users\admin\anaconda3\Lib\site-packages\konlpy\java\open-korean-text-2.1.0.jar;C:\Users\admin\anaconda3\Lib\site-packages\konlpy\java\scala-library-2.12.3.jar;C:\Users\admin\anaconda3\Lib\site-packages\konlpy\java\shineware-common-1.0.jar;C:\Users\admin\anaconda3\Lib\site-packages\konlpy\java\shineware-ds-1.0.jar;C:\Users\admin\anaconda3\Lib\site-packages\konlpy\java\snakeyaml-1.12.jar;C:\Users\admin\anaconda3\Lib\site-packages\konlpy\java\twitter-text-1.14.7.jar;C:\Users\admin\anaconda3\Lib\site-packages\konlpy\java\jhannanum-0.8.4.jar;C:\Users\admin\anaconda3\Lib\site-packages\konlpy\java\kkma-2.0.jar;C:\Users\admin\anaconda3\Lib\site-packages\konlpy\java\aho-corasick.jar;C:\Users\admin\anaconda3\Lib\site-packages\konlpy\java\shineware-common-1.0.jar;C:\Users\admin\anaconda3\Lib\site-packages\konlpy\java\shineware-ds-1.0.jar;C:\Users\admin\anaconda3\Lib\site-packages\konlpy\java\komoran-3.0.jar;C:\Users\admin\anaconda3\Lib\site-packages\konlpy\java\snakeyaml-1.12.jar;C:\Users\admin\anaconda3\Lib\site-packages\konlpy\java\scala-library-2.12.3.jar;C:\Users\admin\anaconda3\Lib\site-packages\konlpy\java\open-korean-text-2.1.0.jar;C:\Users\admin\anaconda3\Lib\site-packages\konlpy\java\twitter-text-1.14.7.jar;C:\Users\admin\anaconda3\Lib\site-packages\konlpy\java\aho-corasick.jar;C:\Users\admin\anaconda3\Lib\site-packages\konlpy\java\jhannanum-0.8.4.jar;C:\Users\admin\anaconda3\Lib\site-packages\konlpy\java\kkma-2.0.jar;C:\Users\admin\anaconda3\Lib\site-packages\konlpy\java\komoran-3.0.jar;C:\Users\admin\anaconda3\Lib\site-packages\konlpy\java\op
Launcher Type: generic

[Global flags]
     intx CICompilerCount                          = 4                                         {product} {ergonomic}
     uint ConcGCThreads                            = 3                                         {product} {ergonomic}
     uint G1ConcRefinementThreads                  = 10                                        {product} {ergonomic}
   size_t G1HeapRegionSize                         = 1048576                                   {product} {ergonomic}
    uintx GCDrainStackTargetSize                   = 64                                        {product} {ergonomic}
   size_t InitialHeapSize                          = 536870912                                 {product} {ergonomic}
   size_t MarkStackSize                            = 4194304                                   {product} {ergonomic}
   size_t MaxHeapSize                              = 1073741824                                {product} {command line}
   size_t MaxNewSize                               = 643825664                                 {product} {ergonomic}
   size_t MinHeapDeltaBytes                        = 1048576                                   {product} {ergonomic}
   size_t MinHeapSize                              = 8388608                                   {product} {ergonomic}
    uintx NonNMethodCodeHeapSize                   = 5839372                                {pd product} {ergonomic}
    uintx NonProfiledCodeHeapSize                  = 122909434                              {pd product} {ergonomic}
    uintx ProfiledCodeHeapSize                     = 122909434                              {pd product} {ergonomic}
    uintx ReservedCodeCacheSize                    = 251658240                              {pd product} {ergonomic}
     bool SegmentedCodeCache                       = true                                      {product} {ergonomic}
   size_t SoftMaxHeapSize                          = 1073741824                             {manageable} {ergonomic}
     bool UseCompressedClassPointers               = true                           {product lp64_product} {ergonomic}
     bool UseCompressedOops                        = true                           {product lp64_product} {ergonomic}
     bool UseG1GC                                  = true                                      {product} {ergonomic}
     bool UseLargePagesIndividualAllocation        = false                                  {pd product} {ergonomic}

Logging:
Log output configuration:
 #0: stdout all=warning uptime,level,tags
 #1: stderr all=off uptime,level,tags

Environment Variables:
JAVA_HOME=C:\Program Files\Java\jdk-17.0.4.1
PATH=c:\Users\admin\anaconda3;C:\Users\admin\anaconda3;C:\Users\admin\anaconda3\Library\mingw-w64\bin;C:\Users\admin\anaconda3\Library\usr\bin;C:\Users\admin\anaconda3\Library\bin;C:\Users\admin\anaconda3\Scripts;C:\Users\admin\anaconda3\bin;C:\Users\admin\anaconda3\condabin;C:\Program Files (x86)\NAT Service;C:\Program Files\Common Files\Oracle\Java\javapath;C:\Program Files (x86)\Common Files\Oracle\Java\javapath;C:\Windows\system32;C:\Windows;C:\Windows\System32\Wbem;C:\Windows\System32\WindowsPowerShell\v1.0;C:\Windows\System32\OpenSSH;C:\WINDOWS\system32;C:\WINDOWS;C:\WINDOWS\System32\Wbem;C:\WINDOWS\System32\WindowsPowerShell\v1.0;C:\WINDOWS\System32\OpenSSH;C:\Program Files\Git\cmd;C:\Program Files\MySQL\MySQL Shell 8.0\bin;C:\Users\admin\AppData\Local\Microsoft\WindowsApps;.;C:\Users\admin\AppData\Local\afreeca;C:\Program Files\Bandizip;C:\Users\admin\AppData\Local\Programs\Microsoft VS Code\bin
USERNAME=admin
OS=Windows_NT
PROCESSOR_IDENTIFIER=AMD64 Family 23 Model 113 Stepping 0, AuthenticAMD



---------------  S Y S T E M  ---------------

OS:
 Windows 10 , 64 bit Build 19041 (10.0.19041.3570)
OS uptime: 25 days 3:31 hours

CPU: total 12 (initial active 12) (12 cores per cpu, 2 threads per core) family 23 model 113 stepping 0 microcode 0x0, cx8, cmov, fxsr, ht, mmx, 3dnowpref, sse, sse2, sse3, ssse3, sse4a, sse4.1, sse4.2, popcnt, lzcnt, tsc, tscinvbit, avx, avx2, aes, clmul, bmi1, bmi2, adx, sha, fma, vzeroupper, clflush, clflushopt

Memory: 4k page, system-wide physical 32718M (23236M free)
TotalPageFile size 37582M (AvailPageFile size 22301M)
current process WorkingSet (physical memory assigned to process): 755M, peak: 808M
current process commit charge ("private bytes"): 1587M, peak: 1764M

vm_info: Java HotSpot(TM) 64-Bit Server VM (17.0.4.1+1-LTS-2) for windows-amd64 JRE (17.0.4.1+1-LTS-2), built on Aug 16 2022 18:32:06 by "mach5one" with MS VC++ 16.8 / 16.9 (VS2019)

END.
